<?xml version="1.0" encoding="utf-8"?>
<TestRun id="b8965979-8df5-4ebb-ad00-e4570a72da81" name="59065@DESKTOP-ECUQPO0 2026-06-04 15:22:49" runUser="NB\59065" xmlns="http://microsoft.com/schemas/VisualStudio/TeamTest/2010">
  <Times creation="2026-06-04T15:22:49.3782881+02:00" queuing="2026-06-04T15:22:49.3782885+02:00" start="2026-06-04T15:22:47.1083510+02:00" finish="2026-06-04T15:22:49.4876594+02:00" />
  <TestSettings name="default" id="6c72dd75-a276-4941-9958-c7eaa753fa18">
    <Deployment runDeploymentRoot="59065_DESKTOP-ECUQPO0_2026-06-04_15_22_49" />
  </TestSettings>
  <Results>
    <UnitTestResult executionId="12d8a781-fa92-47d5-899e-3ca3abcae26a" testId="1d249eed-87bc-8a77-9d42-9404014192c1" testName="Rating_Zero_IsValid" computerName="DESKTOP-ECUQPO0" duration="00:00:00.0003811" startTime="2026-06-04T15:22:49.3465290+02:00" endTime="2026-06-04T15:22:49.3475340+02:00" testType="13cdc9d9-ddb5-4fa4-a97d-d965ccfc6d4b" outcome="Passed" testListId="8c84fa94-04c1-424b-9868-57a2d4851a1d" relativeResultsDirectory="12d8a781-fa92-47d5-899e-3ca3abcae26a" />
    <UnitTestResult executionId="c86dc1a5-a127-47db-8843-afb53f500dd7" testId="141eb640-cc16-87e8-9b18-fb83e779615c" testName="FullName_SpecialCharacters_ReturnsError" computerName="DESKTOP-ECUQPO0" duration="00:00:00.0004483" startTime="2026-06-04T15:22:49.3375285+02:00" endTime="2026-06-04T15:22:49.3405293+02:00" testType="13cdc9d9-ddb5-4fa4-a97d-d965ccfc6d4b" outcome="Passed" testListId="8c84fa94-04c1-424b-9868-57a2d4851a1d" relativeResultsDirectory="c86dc1a5-a127-47db-8843-afb53f500dd7" />
    <UnitTestResult executionId="42fba175-caf6-4430-83d2-b840a546c904" testId="1922e0e8-b20d-8834-b395-10101702e7c6" testName="FullName_ExactlyOneHundredChars_IsValid" computerName="DESKTOP-ECUQPO0" duration="00:00:00.0418373" startTime="2026-06-04T15:22:49.1133271+02:00" endTime="2026-06-04T15:22:49.3049105+02:00" testType="13cdc9d9-ddb5-4fa4-a97d-d965ccfc6d4b" outcome="Passed" testListId="8c84fa94-04c1-424b-9868-57a2d4851a1d" relativeResultsDirectory="42fba175-caf6-4430-83d2-b840a546c904" />
    <UnitTestResult executionId="13ffff95-a922-494a-bff2-8216182a0038" testId="1996586a-bf48-8337-bca3-1de5d6832d95" testName="FullName_NinetyNineChars_IsValid" computerName="DESKTOP-ECUQPO0" duration="00:00:00.0399443" startTime="2026-06-04T15:22:49.1133271+02:00" endTime="2026-06-04T15:22:49.3039149+02:00" testType="13cdc9d9-ddb5-4fa4-a97d-d965ccfc6d4b" outcome="Passed" testListId="8c84fa94-04c1-424b-9868-57a2d4851a1d" relativeResultsDirectory="13ffff95-a922-494a-bff2-8216182a0038" />
    <UnitTestResult executionId="d26dc57f-b07b-4884-888f-8e81145e1131" testId="109762e7-b76d-8522-a0b1-ee0167fe645e" testName="Rating_Text_ReturnsError" computerName="DESKTOP-ECUQPO0" duration="00:00:00.0003599" startTime="2026-06-04T15:22:49.3495264+02:00" endTime="2026-06-04T15:22:49.3725396+02:00" testType="13cdc9d9-ddb5-4fa4-a97d-d965ccfc6d4b" outcome="Passed" testListId="8c84fa94-04c1-424b-9868-57a2d4851a1d" relativeResultsDirectory="d26dc57f-b07b-4884-888f-8e81145e1131" />
    <UnitTestResult executionId="3516b69a-2ea7-47d0-9d00-90cc9374189b" testId="114c30d6-856e-809e-8f5d-a8cdf552c4eb" testName="FullName_Empty_ReturnsError" computerName="DESKTOP-ECUQPO0" duration="00:00:00.0428884" startTime="2026-06-04T15:22:49.1133271+02:00" endTime="2026-06-04T15:22:49.3029135+02:00" testType="13cdc9d9-ddb5-4fa4-a97d-d965ccfc6d4b" outcome="Passed" testListId="8c84fa94-04c1-424b-9868-57a2d4851a1d" relativeResultsDirectory="3516b69a-2ea7-47d0-9d00-90cc9374189b" />
    <UnitTestResult executionId="fc07fed4-945f-4e98-a84f-53d4b75cc7a7" testId="1a4def2f-82e2-8099-adb9-0e27d1d597ce" testName="Licence_Empty_ReturnsError" computerName="DESKTOP-ECUQPO0" duration="00:00:00.0005643" startTime="2026-06-04T15:22:49.3240089+02:00" endTime="2026-06-04T15:22:49.3245166+02:00" testType="13cdc9d9-ddb5-4fa4-a97d-d965ccfc6d4b" outcome="Passed" testListId="8c84fa94-04c1-424b-9868-57a2d4851a1d" relativeResultsDirectory="fc07fed4-945f-4e98-a84f-53d4b75cc7a7" />
    <UnitTestResult executionId="f574f68a-8f7e-44a9-81bc-1391e8c7c1c6" testId="1ba0c505-c8e1-8662-8feb-d5774038278a" testName="Licence_TypicalValue_IsValid" computerName="DESKTOP-ECUQPO0" duration="00:00:00.0004597" startTime="2026-06-04T15:22:49.3375285+02:00" endTime="2026-06-04T15:22:49.3375285+02:00" testType="13cdc9d9-ddb5-4fa4-a97d-d965ccfc6d4b" outcome="Passed" testListId="8c84fa94-04c1-424b-9868-57a2d4851a1d" relativeResultsDirectory="f574f68a-8f7e-44a9-81bc-1391e8c7c1c6" />
    <UnitTestResult executionId="ac712eb1-f9ee-492e-8161-7639c8fb3706" testId="1a725b0f-02a7-8587-b819-f2b6280862e4" testName="FullName_DigitsOnly_ReturnsError" computerName="DESKTOP-ECUQPO0" duration="00:00:00.0326701" startTime="2026-06-04T15:22:49.1133271+02:00" endTime="2026-06-04T15:22:49.3213671+02:00" testType="13cdc9d9-ddb5-4fa4-a97d-d965ccfc6d4b" outcome="Passed" testListId="8c84fa94-04c1-424b-9868-57a2d4851a1d" relativeResultsDirectory="ac712eb1-f9ee-492e-8161-7639c8fb3706" />
    <UnitTestResult executionId="07ef6cd3-670d-4931-8bcd-57900df986a2" testId="1c29fe10-67be-8107-aa3b-bd15fe6a1305" testName="Rating_FourPoint9_IsValid" computerName="DESKTOP-ECUQPO0" duration="00:00:00.0002008" startTime="2026-06-04T15:22:49.3485264+02:00" endTime="2026-06-04T15:22:49.3485264+02:00" testType="13cdc9d9-ddb5-4fa4-a97d-d965ccfc6d4b" outcome="Passed" testListId="8c84fa94-04c1-424b-9868-57a2d4851a1d" relativeResultsDirectory="07ef6cd3-670d-4931-8bcd-57900df986a2" />
    <UnitTestResult executionId="10e16094-ff73-417e-8922-5a9a10964879" testId="1efcbb99-380d-89ae-9907-d899d128bdd7" testName="Phone_SpecialChars_ReturnsError" computerName="DESKTOP-ECUQPO0" duration="00:00:00.0001768" startTime="2026-06-04T15:22:49.3775406+02:00" endTime="2026-06-04T15:22:49.3775406+02:00" testType="13cdc9d9-ddb5-4fa4-a97d-d965ccfc6d4b" outcome="Passed" testListId="8c84fa94-04c1-424b-9868-57a2d4851a1d" relativeResultsDirectory="10e16094-ff73-417e-8922-5a9a10964879" />
    <UnitTestResult executionId="bf6bfd7f-2892-47cb-a9fe-741c431d2590" testId="12406026-ed3b-8248-a4e0-cbfd5b236ef8" testName="IsActive_One_IsValid" computerName="DESKTOP-ECUQPO0" duration="00:00:00.0005255" startTime="2026-06-04T15:22:49.3495264+02:00" endTime="2026-06-04T15:22:49.3725396+02:00" testType="13cdc9d9-ddb5-4fa4-a97d-d965ccfc6d4b" outcome="Passed" testListId="8c84fa94-04c1-424b-9868-57a2d4851a1d" relativeResultsDirectory="bf6bfd7f-2892-47cb-a9fe-741c431d2590" />
    <UnitTestResult executionId="2404bc08-3ee1-48de-8b5d-6b0b59634140" testId="14d75f02-75ed-8aab-87a5-7cc5a4e681d4" testName="DateOfBirth_SeventeenYearsThreeHundredSixtyFourDays_ReturnsError" computerName="DESKTOP-ECUQPO0" duration="00:00:00.0002536" startTime="2026-06-04T15:22:49.3435250+02:00" endTime="2026-06-04T15:22:49.3435250+02:00" testType="13cdc9d9-ddb5-4fa4-a97d-d965ccfc6d4b" outcome="Passed" testListId="8c84fa94-04c1-424b-9868-57a2d4851a1d" relativeResultsDirectory="2404bc08-3ee1-48de-8b5d-6b0b59634140" />
    <UnitTestResult executionId="c5ae7815-c7f9-4d21-a83e-c62d18036564" testId="1dc7b38e-bcee-8b64-b4f0-9cb077d7cc0f" testName="DateOfBirth_Tomorrow_ReturnsError" computerName="DESKTOP-ECUQPO0" duration="00:00:00.0006490" startTime="2026-06-04T15:22:49.3435250+02:00" endTime="2026-06-04T15:22:49.3445316+02:00" testType="13cdc9d9-ddb5-4fa4-a97d-d965ccfc6d4b" outcome="Passed" testListId="8c84fa94-04c1-424b-9868-57a2d4851a1d" relativeResultsDirectory="c5ae7815-c7f9-4d21-a83e-c62d18036564" />
    <UnitTestResult executionId="b2dfe3aa-6380-49a3-89a8-cb3f14765dd7" testId="1f9392f1-03c0-8aa9-b8b7-75fd2bbcfc54" testName="DateOfBirth_Today_ReturnsError" computerName="DESKTOP-ECUQPO0" duration="00:00:00.0002551" startTime="2026-06-04T15:22:49.3435250+02:00" endTime="2026-06-04T15:22:49.3435250+02:00" testType="13cdc9d9-ddb5-4fa4-a97d-d965ccfc6d4b" outcome="Passed" testListId="8c84fa94-04c1-424b-9868-57a2d4851a1d" relativeResultsDirectory="b2dfe3aa-6380-49a3-89a8-cb3f14765dd7" />
    <UnitTestResult executionId="02a3d097-a929-4852-9a85-c44b64ed7981" testId="10b4cb72-8658-8d9d-a1fa-18f27b68d227" testName="Licence_ThirtyOneChars_ReturnsError" computerName="DESKTOP-ECUQPO0" duration="00:00:00.0002080" startTime="2026-06-04T15:22:49.3375285+02:00" endTime="2026-06-04T15:22:49.3375285+02:00" testType="13cdc9d9-ddb5-4fa4-a97d-d965ccfc6d4b" outcome="Passed" testListId="8c84fa94-04c1-424b-9868-57a2d4851a1d" relativeResultsDirectory="02a3d097-a929-4852-9a85-c44b64ed7981" />
    <UnitTestResult executionId="a902c728-052d-4978-8ec1-d3652b67058e" testId="14c2d572-8c56-8b7e-a38d-1369be1de6bb" testName="FullName_WhitespaceOnly_ReturnsError" computerName="DESKTOP-ECUQPO0" duration="00:00:00.0466999" startTime="2026-06-04T15:22:49.1133271+02:00" endTime="2026-06-04T15:22:49.3029135+02:00" testType="13cdc9d9-ddb5-4fa4-a97d-d965ccfc6d4b" outcome="Passed" testListId="8c84fa94-04c1-424b-9868-57a2d4851a1d" relativeResultsDirectory="a902c728-052d-4978-8ec1-d3652b67058e" />
    <UnitTestResult executionId="a013cc37-64b5-403d-a9ca-f98c593df6df" testId="121f6a83-6415-8778-aae0-8c853a1d3476" testName="Licence_SpacesOnly_ReturnsError" computerName="DESKTOP-ECUQPO0" duration="00:00:00.0006181" startTime="2026-06-04T15:22:49.3240089+02:00" endTime="2026-06-04T15:22:49.3245166+02:00" testType="13cdc9d9-ddb5-4fa4-a97d-d965ccfc6d4b" outcome="Passed" testListId="8c84fa94-04c1-424b-9868-57a2d4851a1d" relativeResultsDirectory="a013cc37-64b5-403d-a9ca-f98c593df6df" />
    <UnitTestResult executionId="e59a9adb-be05-4670-b53f-da1d3ce82d72" testId="18bcbccb-ffa9-87eb-9e5c-4a7cc303a30d" testName="DateOfBirth_EighteenYearsAndOneDay_IsValid" computerName="DESKTOP-ECUQPO0" duration="00:00:00.0002216" startTime="2026-06-04T15:22:49.3415318+02:00" endTime="2026-06-04T15:22:49.3415318+02:00" testType="13cdc9d9-ddb5-4fa4-a97d-d965ccfc6d4b" outcome="Passed" testListId="8c84fa94-04c1-424b-9868-57a2d4851a1d" relativeResultsDirectory="e59a9adb-be05-4670-b53f-da1d3ce82d72" />
    <UnitTestResult executionId="8be02dcf-fa01-4d40-8056-78b3a6a58d19" testId="13f129d8-a745-837c-a80f-2d89345d2ebd" testName="DateOfBirth_ExactlyEighteenToday_IsValid" computerName="DESKTOP-ECUQPO0" duration="00:00:00.0002684" startTime="2026-06-04T15:22:49.3415318+02:00" endTime="2026-06-04T15:22:49.3415318+02:00" testType="13cdc9d9-ddb5-4fa4-a97d-d965ccfc6d4b" outcome="Passed" testListId="8c84fa94-04c1-424b-9868-57a2d4851a1d" relativeResultsDirectory="8be02dcf-fa01-4d40-8056-78b3a6a58d19" />
    <UnitTestResult executionId="8e1256c9-8191-4349-bd1a-73a66734c595" testId="10d98484-349c-86af-a597-fc34a850327c" testName="DateOfBirth_VeryOldDate_IsValid" computerName="DESKTOP-ECUQPO0" duration="00:00:00.0015699" startTime="2026-06-04T15:22:49.3385251+02:00" endTime="2026-06-04T15:22:49.3415318+02:00" testType="13cdc9d9-ddb5-4fa4-a97d-d965ccfc6d4b" outcome="Passed" testListId="8c84fa94-04c1-424b-9868-57a2d4851a1d" relativeResultsDirectory="8e1256c9-8191-4349-bd1a-73a66734c595" />
    <UnitTestResult executionId="2fd92e73-7981-485b-a1fe-5c33528b2373" testId="19f7551b-7625-8131-af7a-436016d17505" testName="Licence_Null_ReturnsError" computerName="DESKTOP-ECUQPO0" duration="00:00:00.0003300" startTime="2026-06-04T15:22:49.3385251+02:00" endTime="2026-06-04T15:22:49.3415318+02:00" testType="13cdc9d9-ddb5-4fa4-a97d-d965ccfc6d4b" outcome="Passed" testListId="8c84fa94-04c1-424b-9868-57a2d4851a1d" relativeResultsDirectory="2fd92e73-7981-485b-a1fe-5c33528b2373" />
    <UnitTestResult executionId="923f05c4-0283-4a95-9360-2c4b6dbf2d93" testId="1f6da4a6-1c68-84ef-b99e-23750c52371e" testName="FullName_TwoLetters_IsValid" computerName="DESKTOP-ECUQPO0" duration="00:00:00.0396062" startTime="2026-06-04T15:22:49.1673357+02:00" endTime="2026-06-04T15:22:49.3039149+02:00" testType="13cdc9d9-ddb5-4fa4-a97d-d965ccfc6d4b" outcome="Passed" testListId="8c84fa94-04c1-424b-9868-57a2d4851a1d" relativeResultsDirectory="923f05c4-0283-4a95-9360-2c4b6dbf2d93" />
    <UnitTestResult executionId="3c0fdd0f-2b38-4b2b-afa4-43bff2044765" testId="1793367a-81da-8b42-b4fb-676ecbfb78fc" testName="Rating_NegativePoint1_ReturnsError" computerName="DESKTOP-ECUQPO0" duration="00:00:00.0002084" startTime="2026-06-04T15:22:49.3465290+02:00" endTime="2026-06-04T15:22:49.3475340+02:00" testType="13cdc9d9-ddb5-4fa4-a97d-d965ccfc6d4b" outcome="Passed" testListId="8c84fa94-04c1-424b-9868-57a2d4851a1d" relativeResultsDirectory="3c0fdd0f-2b38-4b2b-afa4-43bff2044765" />
    <UnitTestResult executionId="10bc2057-3c6c-4606-9daf-04a1228b64e5" testId="1b567cb4-41e8-8e36-8fbc-ac8abbbd9200" testName="DateOfBirth_TenYearsOld_ReturnsError" computerName="DESKTOP-ECUQPO0" duration="00:00:00.0006156" startTime="2026-06-04T15:22:49.3435250+02:00" endTime="2026-06-04T15:22:49.3445316+02:00" testType="13cdc9d9-ddb5-4fa4-a97d-d965ccfc6d4b" outcome="Passed" testListId="8c84fa94-04c1-424b-9868-57a2d4851a1d" relativeResultsDirectory="10bc2057-3c6c-4606-9daf-04a1228b64e5" />
    <UnitTestResult executionId="824f950b-adb9-4db3-933a-c66c3675b718" testId="1bb3a5c7-ed12-8164-8d4e-e44d81fe2a20" testName="Licence_ExactlyThirtyChars_IsValid" computerName="DESKTOP-ECUQPO0" duration="00:00:00.0003385" startTime="2026-06-04T15:22:49.3375285+02:00" endTime="2026-06-04T15:22:49.3375285+02:00" testType="13cdc9d9-ddb5-4fa4-a97d-d965ccfc6d4b" outcome="Passed" testListId="8c84fa94-04c1-424b-9868-57a2d4851a1d" relativeResultsDirectory="824f950b-adb9-4db3-933a-c66c3675b718" />
    <UnitTestResult executionId="897e354c-f530-40a2-8d43-0a74d33be37d" testId="1eda7251-7518-84d3-94d3-4b7f30bda194" testName="Licence_NumericValue_IsValid" computerName="DESKTOP-ECUQPO0" duration="00:00:00.0003802" startTime="2026-06-04T15:22:49.3395286+02:00" endTime="2026-06-04T15:22:49.3415318+02:00" testType="13cdc9d9-ddb5-4fa4-a97d-d965ccfc6d4b" outcome="Passed" testListId="8c84fa94-04c1-424b-9868-57a2d4851a1d" relativeResultsDirectory="897e354c-f530-40a2-8d43-0a74d33be37d" />
    <UnitTestResult executionId="113c41bf-3dd1-4a34-b811-f8031f52542b" testId="1a6df10f-c29a-8156-badb-90769bbb57ce" testName="FullName_OneLetter_IsValid" computerName="DESKTOP-ECUQPO0" duration="00:00:00.0321029" startTime="2026-06-04T15:22:49.1133271+02:00" endTime="2026-06-04T15:22:49.3039149+02:00" testType="13cdc9d9-ddb5-4fa4-a97d-d965ccfc6d4b" outcome="Passed" testListId="8c84fa94-04c1-424b-9868-57a2d4851a1d" relativeResultsDirectory="113c41bf-3dd1-4a34-b811-f8031f52542b" />
    <UnitTestResult executionId="1e2c3e5f-02db-4281-88f8-79df03ad0e23" testId="12ba94f3-a40d-811f-a608-e051c3dc712f" testName="JoinDate_YearsAgo_IsValid" computerName="DESKTOP-ECUQPO0" duration="00:00:00.0003797" startTime="2026-06-04T15:22:49.3745417+02:00" endTime="2026-06-04T15:22:49.3755400+02:00" testType="13cdc9d9-ddb5-4fa4-a97d-d965ccfc6d4b" outcome="Passed" testListId="8c84fa94-04c1-424b-9868-57a2d4851a1d" relativeResultsDirectory="1e2c3e5f-02db-4281-88f8-79df03ad0e23" />
    <UnitTestResult executionId="04876979-b7a2-463b-8805-751ee0474710" testId="1b8f4d30-0337-8aa5-b894-4682d41e1fff" testName="Phone_TooShort_ReturnsError" computerName="DESKTOP-ECUQPO0" duration="00:00:00.0008765" startTime="2026-06-04T15:22:49.3745417+02:00" endTime="2026-06-04T15:22:49.3755400+02:00" testType="13cdc9d9-ddb5-4fa4-a97d-d965ccfc6d4b" outcome="Passed" testListId="8c84fa94-04c1-424b-9868-57a2d4851a1d" relativeResultsDirectory="04876979-b7a2-463b-8805-751ee0474710" />
    <UnitTestResult executionId="fa674add-4310-41f1-b1e3-cdf872759566" testId="11d78842-0b6f-8f5a-b57e-0276be591129" testName="Rating_Point1_IsValid" computerName="DESKTOP-ECUQPO0" duration="00:00:00.0003337" startTime="2026-06-04T15:22:49.3465290+02:00" endTime="2026-06-04T15:22:49.3475340+02:00" testType="13cdc9d9-ddb5-4fa4-a97d-d965ccfc6d4b" outcome="Passed" testListId="8c84fa94-04c1-424b-9868-57a2d4851a1d" relativeResultsDirectory="fa674add-4310-41f1-b1e3-cdf872759566" />
    <UnitTestResult executionId="73e8d7fb-ef11-4c65-a7f8-6bd3d589a565" testId="1c8b9ccc-54ea-89cf-98e9-83b817f160a2" testName="FullName_TwoHundredChars_ReturnsError" computerName="DESKTOP-ECUQPO0" duration="00:00:00.0350595" startTime="2026-06-04T15:22:49.1673357+02:00" endTime="2026-06-04T15:22:49.3039149+02:00" testType="13cdc9d9-ddb5-4fa4-a97d-d965ccfc6d4b" outcome="Passed" testListId="8c84fa94-04c1-424b-9868-57a2d4851a1d" relativeResultsDirectory="73e8d7fb-ef11-4c65-a7f8-6bd3d589a565" />
    <UnitTestResult executionId="0cd6e2b1-0c80-4fcf-a189-63bc4c9cc11e" testId="10ca46c5-00a4-8a59-b621-749d392fd52a" testName="Rating_WhitespaceOnly_IsValid" computerName="DESKTOP-ECUQPO0" duration="00:00:00.0006220" startTime="2026-06-04T15:22:49.3445316+02:00" endTime="2026-06-04T15:22:49.3465290+02:00" testType="13cdc9d9-ddb5-4fa4-a97d-d965ccfc6d4b" outcome="Passed" testListId="8c84fa94-04c1-424b-9868-57a2d4851a1d" relativeResultsDirectory="0cd6e2b1-0c80-4fcf-a189-63bc4c9cc11e" />
    <UnitTestResult executionId="6d3501dc-e76b-4624-81b2-d821168846b1" testId="17c74340-eb50-83c1-bf41-760574362da4" testName="DateOfBirth_FarFuture_ReturnsError" computerName="DESKTOP-ECUQPO0" duration="00:00:00.0006027" startTime="2026-06-04T15:22:49.3435250+02:00" endTime="2026-06-04T15:22:49.3445316+02:00" testType="13cdc9d9-ddb5-4fa4-a97d-d965ccfc6d4b" outcome="Passed" testListId="8c84fa94-04c1-424b-9868-57a2d4851a1d" relativeResultsDirectory="6d3501dc-e76b-4624-81b2-d821168846b1" />
    <UnitTestResult executionId="5123925e-6bdb-4dae-a16e-5aeefc7958b7" testId="128f062a-b2f6-8335-ac2a-09aebfe7d72a" testName="IsActive_Two_ReturnsError" computerName="DESKTOP-ECUQPO0" duration="00:00:00.0002068" startTime="2026-06-04T15:22:49.3735387+02:00" endTime="2026-06-04T15:22:49.3735387+02:00" testType="13cdc9d9-ddb5-4fa4-a97d-d965ccfc6d4b" outcome="Passed" testListId="8c84fa94-04c1-424b-9868-57a2d4851a1d" relativeResultsDirectory="5123925e-6bdb-4dae-a16e-5aeefc7958b7" />
    <UnitTestResult executionId="55315283-d781-43c3-8e9f-6346488b3b04" testId="17ec4006-274c-847d-922e-a3f7d4d71437" testName="Rating_ExtremelyNegative_ReturnsError" computerName="DESKTOP-ECUQPO0" duration="00:00:00.0006532" startTime="2026-06-04T15:22:49.3455292+02:00" endTime="2026-06-04T15:22:49.3465290+02:00" testType="13cdc9d9-ddb5-4fa4-a97d-d965ccfc6d4b" outcome="Passed" testListId="8c84fa94-04c1-424b-9868-57a2d4851a1d" relativeResultsDirectory="55315283-d781-43c3-8e9f-6346488b3b04" />
    <UnitTestResult executionId="6a911ce8-fdc4-446b-9c03-03b238dfc3b6" testId="1ac1204c-7061-8083-bd32-62716141f054" testName="Rating_Null_IsValid" computerName="DESKTOP-ECUQPO0" duration="00:00:00.0007629" startTime="2026-06-04T15:22:49.3445316+02:00" endTime="2026-06-04T15:22:49.3465290+02:00" testType="13cdc9d9-ddb5-4fa4-a97d-d965ccfc6d4b" outcome="Passed" testListId="8c84fa94-04c1-424b-9868-57a2d4851a1d" relativeResultsDirectory="6a911ce8-fdc4-446b-9c03-03b238dfc3b6" />
    <UnitTestResult executionId="9fd676a8-30b2-455e-a55c-fd821a6aa005" testId="186201da-7122-88ee-a990-fd5c791c2d9d" testName="Rating_ExtremelyHigh_ReturnsError" computerName="DESKTOP-ECUQPO0" duration="00:00:00.0225121" startTime="2026-06-04T15:22:49.3495264+02:00" endTime="2026-06-04T15:22:49.3725396+02:00" testType="13cdc9d9-ddb5-4fa4-a97d-d965ccfc6d4b" outcome="Passed" testListId="8c84fa94-04c1-424b-9868-57a2d4851a1d" relativeResultsDirectory="9fd676a8-30b2-455e-a55c-fd821a6aa005" />
    <UnitTestResult executionId="e39ba1c4-551e-4466-91d8-7970f3c06939" testId="1792e9b1-8f6a-88ef-8745-b29113de781e" testName="Rating_FivePoint1_ReturnsError" computerName="DESKTOP-ECUQPO0" duration="00:00:00.0003626" startTime="2026-06-04T15:22:49.3485264+02:00" endTime="2026-06-04T15:22:49.3485264+02:00" testType="13cdc9d9-ddb5-4fa4-a97d-d965ccfc6d4b" outcome="Passed" testListId="8c84fa94-04c1-424b-9868-57a2d4851a1d" relativeResultsDirectory="e39ba1c4-551e-4466-91d8-7970f3c06939" />
    <UnitTestResult executionId="6d5ebaf7-b81c-43e5-960f-52e73a1826d0" testId="1b9262ab-acd6-87f8-9d74-5e4226408e15" testName="Rating_MidValue_IsValid" computerName="DESKTOP-ECUQPO0" duration="00:00:00.0003023" startTime="2026-06-04T15:22:49.3465290+02:00" endTime="2026-06-04T15:22:49.3475340+02:00" testType="13cdc9d9-ddb5-4fa4-a97d-d965ccfc6d4b" outcome="Passed" testListId="8c84fa94-04c1-424b-9868-57a2d4851a1d" relativeResultsDirectory="6d5ebaf7-b81c-43e5-960f-52e73a1826d0" />
    <UnitTestResult executionId="c394bade-e9d7-4629-a030-d0e275e44bd8" testId="1e3d6c1b-eadb-8f67-a990-2d5f3e10df9d" testName="DateOfBirth_TwentyFiveYearsOld_IsValid" computerName="DESKTOP-ECUQPO0" duration="00:00:00.0003469" startTime="2026-06-04T15:22:49.3415318+02:00" endTime="2026-06-04T15:22:49.3415318+02:00" testType="13cdc9d9-ddb5-4fa4-a97d-d965ccfc6d4b" outcome="Passed" testListId="8c84fa94-04c1-424b-9868-57a2d4851a1d" relativeResultsDirectory="c394bade-e9d7-4629-a030-d0e275e44bd8" />
    <UnitTestResult executionId="2cb3fe3a-2f12-4fca-a790-d28acba18240" testId="12e61949-945d-82ee-b926-fdae422c0944" testName="JoinDate_Today_IsValid" computerName="DESKTOP-ECUQPO0" duration="00:00:00.0006319" startTime="2026-06-04T15:22:49.3735387+02:00" endTime="2026-06-04T15:22:49.3745417+02:00" testType="13cdc9d9-ddb5-4fa4-a97d-d965ccfc6d4b" outcome="Passed" testListId="8c84fa94-04c1-424b-9868-57a2d4851a1d" relativeResultsDirectory="2cb3fe3a-2f12-4fca-a790-d28acba18240" />
    <UnitTestResult executionId="b51bbdf8-4cff-4e47-a26f-2bc6ef11d3e4" testId="1e3bfe1f-3e3e-8a36-b8a2-5a37157d8490" testName="Rating_ExactlyFive_IsValid" computerName="DESKTOP-ECUQPO0" duration="00:00:00.0003484" startTime="2026-06-04T15:22:49.3485264+02:00" endTime="2026-06-04T15:22:49.3485264+02:00" testType="13cdc9d9-ddb5-4fa4-a97d-d965ccfc6d4b" outcome="Passed" testListId="8c84fa94-04c1-424b-9868-57a2d4851a1d" relativeResultsDirectory="b51bbdf8-4cff-4e47-a26f-2bc6ef11d3e4" />
    <UnitTestResult executionId="05956ecb-9a34-430e-9bbc-934e420d3acb" testId="15bcd3e2-5d24-878a-bf6f-030a7c2bd8d9" testName="FullName_NameWithHyphen_IsValid" computerName="DESKTOP-ECUQPO0" duration="00:00:00.0433338" startTime="2026-06-04T15:22:49.1133271+02:00" endTime="2026-06-04T15:22:49.3039149+02:00" testType="13cdc9d9-ddb5-4fa4-a97d-d965ccfc6d4b" outcome="Passed" testListId="8c84fa94-04c1-424b-9868-57a2d4851a1d" relativeResultsDirectory="05956ecb-9a34-430e-9bbc-934e420d3acb" />
    <UnitTestResult executionId="0a4c76d1-5b6e-481d-bc92-71c260c62e3f" testId="1acaa445-4bfa-8b29-8112-da2aa879551e" testName="DateOfBirth_ThirtyFiveYearsOld_IsValid" computerName="DESKTOP-ECUQPO0" duration="00:00:00.0003301" startTime="2026-06-04T15:22:49.3405293+02:00" endTime="2026-06-04T15:22:49.3415318+02:00" testType="13cdc9d9-ddb5-4fa4-a97d-d965ccfc6d4b" outcome="Passed" testListId="8c84fa94-04c1-424b-9868-57a2d4851a1d" relativeResultsDirectory="0a4c76d1-5b6e-481d-bc92-71c260c62e3f" />
    <UnitTestResult executionId="68658a4d-e84b-40dc-8be1-d8489ccbe5de" testId="11f1ed8b-732c-8a8a-be52-e689c92fce61" testName="DateOfBirth_ExactlyOneHundredYearsOld_IsValid" computerName="DESKTOP-ECUQPO0" duration="00:00:00.0021066" startTime="2026-06-04T15:22:49.3385251+02:00" endTime="2026-06-04T15:22:49.3405293+02:00" testType="13cdc9d9-ddb5-4fa4-a97d-d965ccfc6d4b" outcome="Passed" testListId="8c84fa94-04c1-424b-9868-57a2d4851a1d" relativeResultsDirectory="68658a4d-e84b-40dc-8be1-d8489ccbe5de" />
    <UnitTestResult executionId="28bc5d33-4eda-4860-9c5f-1a3f68d61183" testId="13a6fe10-353f-8e4d-b5af-8b19759c3a4c" testName="JoinDate_Tomorrow_ReturnsError" computerName="DESKTOP-ECUQPO0" duration="00:00:00.0004210" startTime="2026-06-04T15:22:49.3745417+02:00" endTime="2026-06-04T15:22:49.3755400+02:00" testType="13cdc9d9-ddb5-4fa4-a97d-d965ccfc6d4b" outcome="Passed" testListId="8c84fa94-04c1-424b-9868-57a2d4851a1d" relativeResultsDirectory="28bc5d33-4eda-4860-9c5f-1a3f68d61183" />
    <UnitTestResult executionId="5cbcdbb3-64dd-4338-9837-15901dd45aaf" testId="1e5f7da2-877b-8a7c-a318-4d5478ca54da" testName="Licence_TwoCharacters_IsValid" computerName="DESKTOP-ECUQPO0" duration="00:00:00.0002728" startTime="2026-06-04T15:22:49.3385251+02:00" endTime="2026-06-04T15:22:49.3415318+02:00" testType="13cdc9d9-ddb5-4fa4-a97d-d965ccfc6d4b" outcome="Passed" testListId="8c84fa94-04c1-424b-9868-57a2d4851a1d" relativeResultsDirectory="5cbcdbb3-64dd-4338-9837-15901dd45aaf" />
    <UnitTestResult executionId="ddf1408a-c42e-43ec-94fb-d0d5ab5ad4f3" testId="1ea327d3-fdce-8637-ac7f-59cdf006a3a4" testName="JoinDate_FarFuture_ReturnsError" computerName="DESKTOP-ECUQPO0" duration="00:00:00.0002088" startTime="2026-06-04T15:22:49.3745417+02:00" endTime="2026-06-04T15:22:49.3755400+02:00" testType="13cdc9d9-ddb5-4fa4-a97d-d965ccfc6d4b" outcome="Passed" testListId="8c84fa94-04c1-424b-9868-57a2d4851a1d" relativeResultsDirectory="ddf1408a-c42e-43ec-94fb-d0d5ab5ad4f3" />
    <UnitTestResult executionId="9bbda36d-bc8a-48f0-8ba4-247dc469d741" testId="1757e372-39b5-8cd4-8525-c35809148f7f" testName="Phone_MinBoundary_IsValid" computerName="DESKTOP-ECUQPO0" duration="00:00:00.0001814" startTime="2026-06-04T15:22:49.3755400+02:00" endTime="2026-06-04T15:22:49.3765389+02:00" testType="13cdc9d9-ddb5-4fa4-a97d-d965ccfc6d4b" outcome="Passed" testListId="8c84fa94-04c1-424b-9868-57a2d4851a1d" relativeResultsDirectory="9bbda36d-bc8a-48f0-8ba4-247dc469d741" />
    <UnitTestResult executionId="f61c32ad-7b97-4d99-a12c-d50eec0a1fcf" testId="152c70ea-8a8a-80ea-8c77-ec7015d968ae" testName="Rating_Blank_IsValid" computerName="DESKTOP-ECUQPO0" duration="00:00:00.0007572" startTime="2026-06-04T15:22:49.3445316+02:00" endTime="2026-06-04T15:22:49.3455292+02:00" testType="13cdc9d9-ddb5-4fa4-a97d-d965ccfc6d4b" outcome="Passed" testListId="8c84fa94-04c1-424b-9868-57a2d4851a1d" relativeResultsDirectory="f61c32ad-7b97-4d99-a12c-d50eec0a1fcf" />
    <UnitTestResult executionId="6be64d27-2b4f-43c1-8958-a592716d9141" testId="1e53f576-8f1a-82b3-b604-038804465cb8" testName="Rating_FiveNoDecimal_IsValid" computerName="DESKTOP-ECUQPO0" duration="00:00:00.0003410" startTime="2026-06-04T15:22:49.3485264+02:00" endTime="2026-06-04T15:22:49.3485264+02:00" testType="13cdc9d9-ddb5-4fa4-a97d-d965ccfc6d4b" outcome="Passed" testListId="8c84fa94-04c1-424b-9868-57a2d4851a1d" relativeResultsDirectory="6be64d27-2b4f-43c1-8958-a592716d9141" />
    <UnitTestResult executionId="928f8327-4555-4c4a-8d58-e97cb0504c75" testId="1234fce7-4639-88b4-979c-1c771ba4e271" testName="IsActive_Negative_ReturnsError" computerName="DESKTOP-ECUQPO0" duration="00:00:00.0003039" startTime="2026-06-04T15:22:49.3735387+02:00" endTime="2026-06-04T15:22:49.3745417+02:00" testType="13cdc9d9-ddb5-4fa4-a97d-d965ccfc6d4b" outcome="Passed" testListId="8c84fa94-04c1-424b-9868-57a2d4851a1d" relativeResultsDirectory="928f8327-4555-4c4a-8d58-e97cb0504c75" />
    <UnitTestResult executionId="e4c21ede-ef39-473d-b5a1-39879f434f8e" testId="1cf3f408-e23e-8be0-b4a5-065d789b5e5b" testName="Rating_Letters_ReturnsError" computerName="DESKTOP-ECUQPO0" duration="00:00:00.0003364" startTime="2026-06-04T15:22:49.3495264+02:00" endTime="2026-06-04T15:22:49.3725396+02:00" testType="13cdc9d9-ddb5-4fa4-a97d-d965ccfc6d4b" outcome="Passed" testListId="8c84fa94-04c1-424b-9868-57a2d4851a1d" relativeResultsDirectory="e4c21ede-ef39-473d-b5a1-39879f434f8e" />
    <UnitTestResult executionId="b2d759d8-320a-4d3d-990a-e44fe006ccad" testId="1e8d05d9-6366-8ba0-a66d-962eab6b6dfe" testName="Phone_Empty_ReturnsError" computerName="DESKTOP-ECUQPO0" duration="00:00:00.0007723" startTime="2026-06-04T15:22:49.3745417+02:00" endTime="2026-06-04T15:22:49.3755400+02:00" testType="13cdc9d9-ddb5-4fa4-a97d-d965ccfc6d4b" outcome="Passed" testListId="8c84fa94-04c1-424b-9868-57a2d4851a1d" relativeResultsDirectory="b2d759d8-320a-4d3d-990a-e44fe006ccad" />
    <UnitTestResult executionId="687a0451-0bf1-4e35-9f2c-16d435a380bf" testId="15005379-6079-867e-b703-f18d2bb35f2e" testName="Licence_FiftyChars_ReturnsError" computerName="DESKTOP-ECUQPO0" duration="00:00:00.0003663" startTime="2026-06-04T15:22:49.3385251+02:00" endTime="2026-06-04T15:22:49.3415318+02:00" testType="13cdc9d9-ddb5-4fa4-a97d-d965ccfc6d4b" outcome="Passed" testListId="8c84fa94-04c1-424b-9868-57a2d4851a1d" relativeResultsDirectory="687a0451-0bf1-4e35-9f2c-16d435a380bf" />
    <UnitTestResult executionId="f96a8392-21b6-4398-b373-9c3a05d14338" testId="1d1efbad-e294-8c0f-953a-c73cd3266321" testName="FullName_TypicalName_IsValid" computerName="DESKTOP-ECUQPO0" duration="00:00:00.0469172" startTime="2026-06-04T15:22:49.1673357+02:00" endTime="2026-06-04T15:22:49.3049105+02:00" testType="13cdc9d9-ddb5-4fa4-a97d-d965ccfc6d4b" outcome="Passed" testListId="8c84fa94-04c1-424b-9868-57a2d4851a1d" relativeResultsDirectory="f96a8392-21b6-4398-b373-9c3a05d14338" />
    <UnitTestResult executionId="14d86b2a-258a-4cdb-9d63-2d6c00ff7899" testId="1367e4c0-2c5d-85f0-9899-9f6152858293" testName="DateOfBirth_LeapDayExactlyEighteen_IsValid" computerName="DESKTOP-ECUQPO0" duration="00:00:00.0002867" startTime="2026-06-04T15:22:49.3445316+02:00" endTime="2026-06-04T15:22:49.3455292+02:00" testType="13cdc9d9-ddb5-4fa4-a97d-d965ccfc6d4b" outcome="Passed" testListId="8c84fa94-04c1-424b-9868-57a2d4851a1d" relativeResultsDirectory="14d86b2a-258a-4cdb-9d63-2d6c00ff7899" />
    <UnitTestResult executionId="af7588f1-2742-4b3e-b700-81a81374c31b" testId="1c6f4e51-b9e4-89e1-999a-0b09b945b212" testName="Phone_MaxBoundary_IsValid" computerName="DESKTOP-ECUQPO0" duration="00:00:00.0015002" startTime="2026-06-04T15:22:49.3755400+02:00" endTime="2026-06-04T15:22:49.3800421+02:00" testType="13cdc9d9-ddb5-4fa4-a97d-d965ccfc6d4b" outcome="Passed" testListId="8c84fa94-04c1-424b-9868-57a2d4851a1d" relativeResultsDirectory="af7588f1-2742-4b3e-b700-81a81374c31b" />
    <UnitTestResult executionId="8e89b4b5-e78c-4dac-b7df-7ecb87aeb856" testId="12a83a70-2c33-8fa6-9384-cabe226a5da7" testName="Phone_TooLong_ReturnsError" computerName="DESKTOP-ECUQPO0" duration="00:00:00.0002234" startTime="2026-06-04T15:22:49.3765389+02:00" endTime="2026-06-04T15:22:49.3765389+02:00" testType="13cdc9d9-ddb5-4fa4-a97d-d965ccfc6d4b" outcome="Passed" testListId="8c84fa94-04c1-424b-9868-57a2d4851a1d" relativeResultsDirectory="8e89b4b5-e78c-4dac-b7df-7ecb87aeb856" />
    <UnitTestResult executionId="2915fd22-e795-406c-bd92-200abffd0ce5" testId="1e4d6ed7-77c3-8b80-ae4c-c7c50a0438b8" testName="FullName_NameWithApostrophe_IsValid" computerName="DESKTOP-ECUQPO0" duration="00:00:00.0396796" startTime="2026-06-04T15:22:49.1673357+02:00" endTime="2026-06-04T15:22:49.3039149+02:00" testType="13cdc9d9-ddb5-4fa4-a97d-d965ccfc6d4b" outcome="Passed" testListId="8c84fa94-04c1-424b-9868-57a2d4851a1d" relativeResultsDirectory="2915fd22-e795-406c-bd92-200abffd0ce5" />
    <UnitTestResult executionId="a05a872c-76e9-4f3c-9834-492cdc4c64c3" testId="1a902620-7780-8294-9bdb-b33c899a484e" testName="FullName_Null_ReturnsError" computerName="DESKTOP-ECUQPO0" duration="00:00:00.0001789" startTime="2026-06-04T15:22:49.3240089+02:00" endTime="2026-06-04T15:22:49.3245166+02:00" testType="13cdc9d9-ddb5-4fa4-a97d-d965ccfc6d4b" outcome="Passed" testListId="8c84fa94-04c1-424b-9868-57a2d4851a1d" relativeResultsDirectory="a05a872c-76e9-4f3c-9834-492cdc4c64c3" />
    <UnitTestResult executionId="de6267b3-3040-4f30-8ae3-85f401813aba" testId="17f00eed-ba43-8602-b784-f778e895064a" testName="Rating_FourPointFive_IsValid" computerName="DESKTOP-ECUQPO0" duration="00:00:00.0003158" startTime="2026-06-04T15:22:49.3485264+02:00" endTime="2026-06-04T15:22:49.3485264+02:00" testType="13cdc9d9-ddb5-4fa4-a97d-d965ccfc6d4b" outcome="Passed" testListId="8c84fa94-04c1-424b-9868-57a2d4851a1d" relativeResultsDirectory="de6267b3-3040-4f30-8ae3-85f401813aba" />
    <UnitTestResult executionId="d49568e0-9320-4083-9da4-3f449a237e60" testId="153ab15c-1892-8344-8f7b-ec0fe795c8e8" testName="Phone_TypicalUK_IsValid" computerName="DESKTOP-ECUQPO0" duration="00:00:00.0003076" startTime="2026-06-04T15:22:49.3755400+02:00" endTime="2026-06-04T15:22:49.3765389+02:00" testType="13cdc9d9-ddb5-4fa4-a97d-d965ccfc6d4b" outcome="Passed" testListId="8c84fa94-04c1-424b-9868-57a2d4851a1d" relativeResultsDirectory="d49568e0-9320-4083-9da4-3f449a237e60" />
    <UnitTestResult executionId="de1ef0b2-7044-4acc-85d3-25eabe7c723d" testId="1e08676c-589c-896b-9c7f-1bd6876c034d" testName="Phone_Letters_ReturnsError" computerName="DESKTOP-ECUQPO0" duration="00:00:00.0003148" startTime="2026-06-04T15:22:49.3775406+02:00" endTime="2026-06-04T15:22:49.3775406+02:00" testType="13cdc9d9-ddb5-4fa4-a97d-d965ccfc6d4b" outcome="Passed" testListId="8c84fa94-04c1-424b-9868-57a2d4851a1d" relativeResultsDirectory="de1ef0b2-7044-4acc-85d3-25eabe7c723d" />
    <UnitTestResult executionId="54e247fa-c1be-44ba-b1ee-e94b7c55ea52" testId="1c36b1c2-d637-8708-8bf6-28f51acd4ec0" testName="Rating_ZeroNoDecimal_IsValid" computerName="DESKTOP-ECUQPO0" duration="00:00:00.0004954" startTime="2026-06-04T15:22:49.3465290+02:00" endTime="2026-06-04T15:22:49.3475340+02:00" testType="13cdc9d9-ddb5-4fa4-a97d-d965ccfc6d4b" outcome="Passed" testListId="8c84fa94-04c1-424b-9868-57a2d4851a1d" relativeResultsDirectory="54e247fa-c1be-44ba-b1ee-e94b7c55ea52" />
    <UnitTestResult executionId="0c191da8-7e85-4380-8f55-7a5b143cb357" testId="11ac541a-dbfa-8c77-acba-d64838678402" testName="Licence_OneCharacter_IsValid" computerName="DESKTOP-ECUQPO0" duration="00:00:00.0002251" startTime="2026-06-04T15:22:49.3365239+02:00" endTime="2026-06-04T15:22:49.3375285+02:00" testType="13cdc9d9-ddb5-4fa4-a97d-d965ccfc6d4b" outcome="Passed" testListId="8c84fa94-04c1-424b-9868-57a2d4851a1d" relativeResultsDirectory="0c191da8-7e85-4380-8f55-7a5b143cb357" />
    <UnitTestResult executionId="032f3cf7-cd60-4280-9e9b-4d2f4f6182c6" testId="1874328d-f9d3-8738-9324-5982669bf4b1" testName="Licence_TwentyNineChars_IsValid" computerName="DESKTOP-ECUQPO0" duration="00:00:00.0003749" startTime="2026-06-04T15:22:49.3385251+02:00" endTime="2026-06-04T15:22:49.3435250+02:00" testType="13cdc9d9-ddb5-4fa4-a97d-d965ccfc6d4b" outcome="Passed" testListId="8c84fa94-04c1-424b-9868-57a2d4851a1d" relativeResultsDirectory="032f3cf7-cd60-4280-9e9b-4d2f4f6182c6" />
    <UnitTestResult executionId="21284250-2d29-4a06-821c-73f664f6bda2" testId="19fc9233-7c6b-8783-8aee-3380ca3a97fe" testName="Rating_SpecialChars_ReturnsError" computerName="DESKTOP-ECUQPO0" duration="00:00:00.0002435" startTime="2026-06-04T15:22:49.3495264+02:00" endTime="2026-06-04T15:22:49.3725396+02:00" testType="13cdc9d9-ddb5-4fa4-a97d-d965ccfc6d4b" outcome="Passed" testListId="8c84fa94-04c1-424b-9868-57a2d4851a1d" relativeResultsDirectory="21284250-2d29-4a06-821c-73f664f6bda2" />
    <UnitTestResult executionId="d932dcc7-1832-4221-89e7-17a69eadb676" testId="171e4096-a2aa-8011-9a5d-49bf60f4613d" testName="JoinDate_Yesterday_IsValid" computerName="DESKTOP-ECUQPO0" duration="00:00:00.0005390" startTime="2026-06-04T15:22:49.3735387+02:00" endTime="2026-06-04T15:22:49.3745417+02:00" testType="13cdc9d9-ddb5-4fa4-a97d-d965ccfc6d4b" outcome="Passed" testListId="8c84fa94-04c1-424b-9868-57a2d4851a1d" relativeResultsDirectory="d932dcc7-1832-4221-89e7-17a69eadb676" />
    <UnitTestResult executionId="60209002-56ff-4295-a428-f36b6c901e72" testId="1aa9e556-9365-84a0-bcbb-7ca2bae166ef" testName="FullName_OneHundredOneChars_ReturnsError" computerName="DESKTOP-ECUQPO0" duration="00:00:00.0320932" startTime="2026-06-04T15:22:49.1133271+02:00" endTime="2026-06-04T15:22:49.3039149+02:00" testType="13cdc9d9-ddb5-4fa4-a97d-d965ccfc6d4b" outcome="Passed" testListId="8c84fa94-04c1-424b-9868-57a2d4851a1d" relativeResultsDirectory="60209002-56ff-4295-a428-f36b6c901e72" />
    <UnitTestResult executionId="e6e16f82-f028-435a-ae83-b9f39ca0a8dd" testId="1b2d82d0-6c9f-8baf-9b6c-f83ad24db3a4" testName="IsActive_Zero_IsValid" computerName="DESKTOP-ECUQPO0" duration="00:00:00.0007225" startTime="2026-06-04T15:22:49.3745417+02:00" endTime="2026-06-04T15:22:49.3765389+02:00" testType="13cdc9d9-ddb5-4fa4-a97d-d965ccfc6d4b" outcome="Passed" testListId="8c84fa94-04c1-424b-9868-57a2d4851a1d" relativeResultsDirectory="e6e16f82-f028-435a-ae83-b9f39ca0a8dd" />
    <UnitTestResult executionId="8018b780-7ece-4e26-838a-b084be1c61f2" testId="1320bc69-c12d-85a3-9b3e-d82de9acb009" testName="Phone_TypicalDanish_IsValid" computerName="DESKTOP-ECUQPO0" duration="00:00:00.0003248" startTime="2026-06-04T15:22:49.3755400+02:00" endTime="2026-06-04T15:22:49.3765389+02:00" testType="13cdc9d9-ddb5-4fa4-a97d-d965ccfc6d4b" outcome="Passed" testListId="8c84fa94-04c1-424b-9868-57a2d4851a1d" relativeResultsDirectory="8018b780-7ece-4e26-838a-b084be1c61f2" />
    <UnitTestResult executionId="054a11cd-9fcc-4d16-b2b5-e1020a15c26a" testId="18a499a9-619e-877c-970d-2ade88eaaca0" testName="FullName_MixedLettersAndDigits_ReturnsError" computerName="DESKTOP-ECUQPO0" duration="00:00:00.0308045" startTime="2026-06-04T15:22:49.1133271+02:00" endTime="2026-06-04T15:22:49.3148468+02:00" testType="13cdc9d9-ddb5-4fa4-a97d-d965ccfc6d4b" outcome="Passed" testListId="8c84fa94-04c1-424b-9868-57a2d4851a1d" relativeResultsDirectory="054a11cd-9fcc-4d16-b2b5-e1020a15c26a" />
  </Results>
  <TestDefinitions>
    <UnitTest name="Licence_FiftyChars_ReturnsError" storage="c:\users\59065\desktop\drivenow web development\drivenow-teamproject\drivenow-teamproject\visualstudiotests\bin\debug\net48\visualstudiotests.dll" id="15005379-6079-867e-b703-f18d2bb35f2e">
      <Execution id="687a0451-0bf1-4e35-9f2c-16d435a380bf" />
      <TestMethod codeBase="C:\Users\59065\Desktop\DriveNow WeB Development\DriveNow-TeamProject\DriveNow-TeamProject\VisualStudioTests\bin\Debug\net48\VisualStudioTests.dll" adapterTypeName="executor://mstestadapter/v4" className="DriveNow.DriverManagement.Tests.LicenceNumberTests" name="Licence_FiftyChars_ReturnsError" />
    </UnitTest>
    <UnitTest name="DateOfBirth_TenYearsOld_ReturnsError" storage="c:\users\59065\desktop\drivenow web development\drivenow-teamproject\drivenow-teamproject\visualstudiotests\bin\debug\net48\visualstudiotests.dll" id="1b567cb4-41e8-8e36-8fbc-ac8abbbd9200">
      <Execution id="10bc2057-3c6c-4606-9daf-04a1228b64e5" />
      <TestMethod codeBase="C:\Users\59065\Desktop\DriveNow WeB Development\DriveNow-TeamProject\DriveNow-TeamProject\VisualStudioTests\bin\Debug\net48\VisualStudioTests.dll" adapterTypeName="executor://mstestadapter/v4" className="DriveNow.DriverManagement.Tests.DateOfBirthTests" name="DateOfBirth_TenYearsOld_ReturnsError" />
    </UnitTest>
    <UnitTest name="Licence_ThirtyOneChars_ReturnsError" storage="c:\users\59065\desktop\drivenow web development\drivenow-teamproject\drivenow-teamproject\visualstudiotests\bin\debug\net48\visualstudiotests.dll" id="10b4cb72-8658-8d9d-a1fa-18f27b68d227">
      <Execution id="02a3d097-a929-4852-9a85-c44b64ed7981" />
      <TestMethod codeBase="C:\Users\59065\Desktop\DriveNow WeB Development\DriveNow-TeamProject\DriveNow-TeamProject\VisualStudioTests\bin\Debug\net48\VisualStudioTests.dll" adapterTypeName="executor://mstestadapter/v4" className="DriveNow.DriverManagement.Tests.LicenceNumberTests" name="Licence_ThirtyOneChars_ReturnsError" />
    </UnitTest>
    <UnitTest name="Licence_Null_ReturnsError" storage="c:\users\59065\desktop\drivenow web development\drivenow-teamproject\drivenow-teamproject\visualstudiotests\bin\debug\net48\visualstudiotests.dll" id="19f7551b-7625-8131-af7a-436016d17505">
      <Execution id="2fd92e73-7981-485b-a1fe-5c33528b2373" />
      <TestMethod codeBase="C:\Users\59065\Desktop\DriveNow WeB Development\DriveNow-TeamProject\DriveNow-TeamProject\VisualStudioTests\bin\Debug\net48\VisualStudioTests.dll" adapterTypeName="executor://mstestadapter/v4" className="DriveNow.DriverManagement.Tests.LicenceNumberTests" name="Licence_Null_ReturnsError" />
    </UnitTest>
    <UnitTest name="Phone_TooLong_ReturnsError" storage="c:\users\59065\desktop\drivenow web development\drivenow-teamproject\drivenow-teamproject\visualstudiotests\bin\debug\net48\visualstudiotests.dll" id="12a83a70-2c33-8fa6-9384-cabe226a5da7">
      <Execution id="8e89b4b5-e78c-4dac-b7df-7ecb87aeb856" />
      <TestMethod codeBase="C:\Users\59065\Desktop\DriveNow WeB Development\DriveNow-TeamProject\DriveNow-TeamProject\VisualStudioTests\bin\Debug\net48\VisualStudioTests.dll" adapterTypeName="executor://mstestadapter/v4" className="DriveNow.DriverManagement.Tests.PhoneTests" name="Phone_TooLong_ReturnsError" />
    </UnitTest>
    <UnitTest name="FullName_TypicalName_IsValid" storage="c:\users\59065\desktop\drivenow web development\drivenow-teamproject\drivenow-teamproject\visualstudiotests\bin\debug\net48\visualstudiotests.dll" id="1d1efbad-e294-8c0f-953a-c73cd3266321">
      <Execution id="f96a8392-21b6-4398-b373-9c3a05d14338" />
      <TestMethod codeBase="C:\Users\59065\Desktop\DriveNow WeB Development\DriveNow-TeamProject\DriveNow-TeamProject\VisualStudioTests\bin\Debug\net48\VisualStudioTests.dll" adapterTypeName="executor://mstestadapter/v4" className="DriveNow.DriverManagement.Tests.FullNameTests" name="FullName_TypicalName_IsValid" />
    </UnitTest>
    <UnitTest name="DateOfBirth_EighteenYearsAndOneDay_IsValid" storage="c:\users\59065\desktop\drivenow web development\drivenow-teamproject\drivenow-teamproject\visualstudiotests\bin\debug\net48\visualstudiotests.dll" id="18bcbccb-ffa9-87eb-9e5c-4a7cc303a30d">
      <Execution id="e59a9adb-be05-4670-b53f-da1d3ce82d72" />
      <TestMethod codeBase="C:\Users\59065\Desktop\DriveNow WeB Development\DriveNow-TeamProject\DriveNow-TeamProject\VisualStudioTests\bin\Debug\net48\VisualStudioTests.dll" adapterTypeName="executor://mstestadapter/v4" className="DriveNow.DriverManagement.Tests.DateOfBirthTests" name="DateOfBirth_EighteenYearsAndOneDay_IsValid" />
    </UnitTest>
    <UnitTest name="Rating_MidValue_IsValid" storage="c:\users\59065\desktop\drivenow web development\drivenow-teamproject\drivenow-teamproject\visualstudiotests\bin\debug\net48\visualstudiotests.dll" id="1b9262ab-acd6-87f8-9d74-5e4226408e15">
      <Execution id="6d5ebaf7-b81c-43e5-960f-52e73a1826d0" />
      <TestMethod codeBase="C:\Users\59065\Desktop\DriveNow WeB Development\DriveNow-TeamProject\DriveNow-TeamProject\VisualStudioTests\bin\Debug\net48\VisualStudioTests.dll" adapterTypeName="executor://mstestadapter/v4" className="DriveNow.DriverManagement.Tests.RatingTests" name="Rating_MidValue_IsValid" />
    </UnitTest>
    <UnitTest name="Phone_SpecialChars_ReturnsError" storage="c:\users\59065\desktop\drivenow web development\drivenow-teamproject\drivenow-teamproject\visualstudiotests\bin\debug\net48\visualstudiotests.dll" id="1efcbb99-380d-89ae-9907-d899d128bdd7">
      <Execution id="10e16094-ff73-417e-8922-5a9a10964879" />
      <TestMethod codeBase="C:\Users\59065\Desktop\DriveNow WeB Development\DriveNow-TeamProject\DriveNow-TeamProject\VisualStudioTests\bin\Debug\net48\VisualStudioTests.dll" adapterTypeName="executor://mstestadapter/v4" className="DriveNow.DriverManagement.Tests.PhoneTests" name="Phone_SpecialChars_ReturnsError" />
    </UnitTest>
    <UnitTest name="DateOfBirth_Today_ReturnsError" storage="c:\users\59065\desktop\drivenow web development\drivenow-teamproject\drivenow-teamproject\visualstudiotests\bin\debug\net48\visualstudiotests.dll" id="1f9392f1-03c0-8aa9-b8b7-75fd2bbcfc54">
      <Execution id="b2dfe3aa-6380-49a3-89a8-cb3f14765dd7" />
      <TestMethod codeBase="C:\Users\59065\Desktop\DriveNow WeB Development\DriveNow-TeamProject\DriveNow-TeamProject\VisualStudioTests\bin\Debug\net48\VisualStudioTests.dll" adapterTypeName="executor://mstestadapter/v4" className="DriveNow.DriverManagement.Tests.DateOfBirthTests" name="DateOfBirth_Today_ReturnsError" />
    </UnitTest>
    <UnitTest name="DateOfBirth_Tomorrow_ReturnsError" storage="c:\users\59065\desktop\drivenow web development\drivenow-teamproject\drivenow-teamproject\visualstudiotests\bin\debug\net48\visualstudiotests.dll" id="1dc7b38e-bcee-8b64-b4f0-9cb077d7cc0f">
      <Execution id="c5ae7815-c7f9-4d21-a83e-c62d18036564" />
      <TestMethod codeBase="C:\Users\59065\Desktop\DriveNow WeB Development\DriveNow-TeamProject\DriveNow-TeamProject\VisualStudioTests\bin\Debug\net48\VisualStudioTests.dll" adapterTypeName="executor://mstestadapter/v4" className="DriveNow.DriverManagement.Tests.DateOfBirthTests" name="DateOfBirth_Tomorrow_ReturnsError" />
    </UnitTest>
    <UnitTest name="Licence_TypicalValue_IsValid" storage="c:\users\59065\desktop\drivenow web development\drivenow-teamproject\drivenow-teamproject\visualstudiotests\bin\debug\net48\visualstudiotests.dll" id="1ba0c505-c8e1-8662-8feb-d5774038278a">
      <Execution id="f574f68a-8f7e-44a9-81bc-1391e8c7c1c6" />
      <TestMethod codeBase="C:\Users\59065\Desktop\DriveNow WeB Development\DriveNow-TeamProject\DriveNow-TeamProject\VisualStudioTests\bin\Debug\net48\VisualStudioTests.dll" adapterTypeName="executor://mstestadapter/v4" className="DriveNow.DriverManagement.Tests.LicenceNumberTests" name="Licence_TypicalValue_IsValid" />
    </UnitTest>
    <UnitTest name="FullName_NinetyNineChars_IsValid" storage="c:\users\59065\desktop\drivenow web development\drivenow-teamproject\drivenow-teamproject\visualstudiotests\bin\debug\net48\visualstudiotests.dll" id="1996586a-bf48-8337-bca3-1de5d6832d95">
      <Execution id="13ffff95-a922-494a-bff2-8216182a0038" />
      <TestMethod codeBase="C:\Users\59065\Desktop\DriveNow WeB Development\DriveNow-TeamProject\DriveNow-TeamProject\VisualStudioTests\bin\Debug\net48\VisualStudioTests.dll" adapterTypeName="executor://mstestadapter/v4" className="DriveNow.DriverManagement.Tests.FullNameTests" name="FullName_NinetyNineChars_IsValid" />
    </UnitTest>
    <UnitTest name="FullName_MixedLettersAndDigits_ReturnsError" storage="c:\users\59065\desktop\drivenow web development\drivenow-teamproject\drivenow-teamproject\visualstudiotests\bin\debug\net48\visualstudiotests.dll" id="18a499a9-619e-877c-970d-2ade88eaaca0">
      <Execution id="054a11cd-9fcc-4d16-b2b5-e1020a15c26a" />
      <TestMethod codeBase="C:\Users\59065\Desktop\DriveNow WeB Development\DriveNow-TeamProject\DriveNow-TeamProject\VisualStudioTests\bin\Debug\net48\VisualStudioTests.dll" adapterTypeName="executor://mstestadapter/v4" className="DriveNow.DriverManagement.Tests.FullNameTests" name="FullName_MixedLettersAndDigits_ReturnsError" />
    </UnitTest>
    <UnitTest name="FullName_OneHundredOneChars_ReturnsError" storage="c:\users\59065\desktop\drivenow web development\drivenow-teamproject\drivenow-teamproject\visualstudiotests\bin\debug\net48\visualstudiotests.dll" id="1aa9e556-9365-84a0-bcbb-7ca2bae166ef">
      <Execution id="60209002-56ff-4295-a428-f36b6c901e72" />
      <TestMethod codeBase="C:\Users\59065\Desktop\DriveNow WeB Development\DriveNow-TeamProject\DriveNow-TeamProject\VisualStudioTests\bin\Debug\net48\VisualStudioTests.dll" adapterTypeName="executor://mstestadapter/v4" className="DriveNow.DriverManagement.Tests.FullNameTests" name="FullName_OneHundredOneChars_ReturnsError" />
    </UnitTest>
    <UnitTest name="JoinDate_YearsAgo_IsValid" storage="c:\users\59065\desktop\drivenow web development\drivenow-teamproject\drivenow-teamproject\visualstudiotests\bin\debug\net48\visualstudiotests.dll" id="12ba94f3-a40d-811f-a608-e051c3dc712f">
      <Execution id="1e2c3e5f-02db-4281-88f8-79df03ad0e23" />
      <TestMethod codeBase="C:\Users\59065\Desktop\DriveNow WeB Development\DriveNow-TeamProject\DriveNow-TeamProject\VisualStudioTests\bin\Debug\net48\VisualStudioTests.dll" adapterTypeName="executor://mstestadapter/v4" className="DriveNow.DriverManagement.Tests.JoinDateTests" name="JoinDate_YearsAgo_IsValid" />
    </UnitTest>
    <UnitTest name="Rating_ExtremelyNegative_ReturnsError" storage="c:\users\59065\desktop\drivenow web development\drivenow-teamproject\drivenow-teamproject\visualstudiotests\bin\debug\net48\visualstudiotests.dll" id="17ec4006-274c-847d-922e-a3f7d4d71437">
      <Execution id="55315283-d781-43c3-8e9f-6346488b3b04" />
      <TestMethod codeBase="C:\Users\59065\Desktop\DriveNow WeB Development\DriveNow-TeamProject\DriveNow-TeamProject\VisualStudioTests\bin\Debug\net48\VisualStudioTests.dll" adapterTypeName="executor://mstestadapter/v4" className="DriveNow.DriverManagement.Tests.RatingTests" name="Rating_ExtremelyNegative_ReturnsError" />
    </UnitTest>
    <UnitTest name="Rating_ZeroNoDecimal_IsValid" storage="c:\users\59065\desktop\drivenow web development\drivenow-teamproject\drivenow-teamproject\visualstudiotests\bin\debug\net48\visualstudiotests.dll" id="1c36b1c2-d637-8708-8bf6-28f51acd4ec0">
      <Execution id="54e247fa-c1be-44ba-b1ee-e94b7c55ea52" />
      <TestMethod codeBase="C:\Users\59065\Desktop\DriveNow WeB Development\DriveNow-TeamProject\DriveNow-TeamProject\VisualStudioTests\bin\Debug\net48\VisualStudioTests.dll" adapterTypeName="executor://mstestadapter/v4" className="DriveNow.DriverManagement.Tests.RatingTests" name="Rating_ZeroNoDecimal_IsValid" />
    </UnitTest>
    <UnitTest name="FullName_Empty_ReturnsError" storage="c:\users\59065\desktop\drivenow web development\drivenow-teamproject\drivenow-teamproject\visualstudiotests\bin\debug\net48\visualstudiotests.dll" id="114c30d6-856e-809e-8f5d-a8cdf552c4eb">
      <Execution id="3516b69a-2ea7-47d0-9d00-90cc9374189b" />
      <TestMethod codeBase="C:\Users\59065\Desktop\DriveNow WeB Development\DriveNow-TeamProject\DriveNow-TeamProject\VisualStudioTests\bin\Debug\net48\VisualStudioTests.dll" adapterTypeName="executor://mstestadapter/v4" className="DriveNow.DriverManagement.Tests.FullNameTests" name="FullName_Empty_ReturnsError" />
    </UnitTest>
    <UnitTest name="IsActive_Negative_ReturnsError" storage="c:\users\59065\desktop\drivenow web development\drivenow-teamproject\drivenow-teamproject\visualstudiotests\bin\debug\net48\visualstudiotests.dll" id="1234fce7-4639-88b4-979c-1c771ba4e271">
      <Execution id="928f8327-4555-4c4a-8d58-e97cb0504c75" />
      <TestMethod codeBase="C:\Users\59065\Desktop\DriveNow WeB Development\DriveNow-TeamProject\DriveNow-TeamProject\VisualStudioTests\bin\Debug\net48\VisualStudioTests.dll" adapterTypeName="executor://mstestadapter/v4" className="DriveNow.DriverManagement.Tests.IsActiveTests" name="IsActive_Negative_ReturnsError" />
    </UnitTest>
    <UnitTest name="FullName_WhitespaceOnly_ReturnsError" storage="c:\users\59065\desktop\drivenow web development\drivenow-teamproject\drivenow-teamproject\visualstudiotests\bin\debug\net48\visualstudiotests.dll" id="14c2d572-8c56-8b7e-a38d-1369be1de6bb">
      <Execution id="a902c728-052d-4978-8ec1-d3652b67058e" />
      <TestMethod codeBase="C:\Users\59065\Desktop\DriveNow WeB Development\DriveNow-TeamProject\DriveNow-TeamProject\VisualStudioTests\bin\Debug\net48\VisualStudioTests.dll" adapterTypeName="executor://mstestadapter/v4" className="DriveNow.DriverManagement.Tests.FullNameTests" name="FullName_WhitespaceOnly_ReturnsError" />
    </UnitTest>
    <UnitTest name="Licence_ExactlyThirtyChars_IsValid" storage="c:\users\59065\desktop\drivenow web development\drivenow-teamproject\drivenow-teamproject\visualstudiotests\bin\debug\net48\visualstudiotests.dll" id="1bb3a5c7-ed12-8164-8d4e-e44d81fe2a20">
      <Execution id="824f950b-adb9-4db3-933a-c66c3675b718" />
      <TestMethod codeBase="C:\Users\59065\Desktop\DriveNow WeB Development\DriveNow-TeamProject\DriveNow-TeamProject\VisualStudioTests\bin\Debug\net48\VisualStudioTests.dll" adapterTypeName="executor://mstestadapter/v4" className="DriveNow.DriverManagement.Tests.LicenceNumberTests" name="Licence_ExactlyThirtyChars_IsValid" />
    </UnitTest>
    <UnitTest name="Rating_NegativePoint1_ReturnsError" storage="c:\users\59065\desktop\drivenow web development\drivenow-teamproject\drivenow-teamproject\visualstudiotests\bin\debug\net48\visualstudiotests.dll" id="1793367a-81da-8b42-b4fb-676ecbfb78fc">
      <Execution id="3c0fdd0f-2b38-4b2b-afa4-43bff2044765" />
      <TestMethod codeBase="C:\Users\59065\Desktop\DriveNow WeB Development\DriveNow-TeamProject\DriveNow-TeamProject\VisualStudioTests\bin\Debug\net48\VisualStudioTests.dll" adapterTypeName="executor://mstestadapter/v4" className="DriveNow.DriverManagement.Tests.RatingTests" name="Rating_NegativePoint1_ReturnsError" />
    </UnitTest>
    <UnitTest name="Phone_MinBoundary_IsValid" storage="c:\users\59065\desktop\drivenow web development\drivenow-teamproject\drivenow-teamproject\visualstudiotests\bin\debug\net48\visualstudiotests.dll" id="1757e372-39b5-8cd4-8525-c35809148f7f">
      <Execution id="9bbda36d-bc8a-48f0-8ba4-247dc469d741" />
      <TestMethod codeBase="C:\Users\59065\Desktop\DriveNow WeB Development\DriveNow-TeamProject\DriveNow-TeamProject\VisualStudioTests\bin\Debug\net48\VisualStudioTests.dll" adapterTypeName="executor://mstestadapter/v4" className="DriveNow.DriverManagement.Tests.PhoneTests" name="Phone_MinBoundary_IsValid" />
    </UnitTest>
    <UnitTest name="IsActive_Two_ReturnsError" storage="c:\users\59065\desktop\drivenow web development\drivenow-teamproject\drivenow-teamproject\visualstudiotests\bin\debug\net48\visualstudiotests.dll" id="128f062a-b2f6-8335-ac2a-09aebfe7d72a">
      <Execution id="5123925e-6bdb-4dae-a16e-5aeefc7958b7" />
      <TestMethod codeBase="C:\Users\59065\Desktop\DriveNow WeB Development\DriveNow-TeamProject\DriveNow-TeamProject\VisualStudioTests\bin\Debug\net48\VisualStudioTests.dll" adapterTypeName="executor://mstestadapter/v4" className="DriveNow.DriverManagement.Tests.IsActiveTests" name="IsActive_Two_ReturnsError" />
    </UnitTest>
    <UnitTest name="DateOfBirth_ExactlyOneHundredYearsOld_IsValid" storage="c:\users\59065\desktop\drivenow web development\drivenow-teamproject\drivenow-teamproject\visualstudiotests\bin\debug\net48\visualstudiotests.dll" id="11f1ed8b-732c-8a8a-be52-e689c92fce61">
      <Execution id="68658a4d-e84b-40dc-8be1-d8489ccbe5de" />
      <TestMethod codeBase="C:\Users\59065\Desktop\DriveNow WeB Development\DriveNow-TeamProject\DriveNow-TeamProject\VisualStudioTests\bin\Debug\net48\VisualStudioTests.dll" adapterTypeName="executor://mstestadapter/v4" className="DriveNow.DriverManagement.Tests.DateOfBirthTests" name="DateOfBirth_ExactlyOneHundredYearsOld_IsValid" />
    </UnitTest>
    <UnitTest name="Rating_Blank_IsValid" storage="c:\users\59065\desktop\drivenow web development\drivenow-teamproject\drivenow-teamproject\visualstudiotests\bin\debug\net48\visualstudiotests.dll" id="152c70ea-8a8a-80ea-8c77-ec7015d968ae">
      <Execution id="f61c32ad-7b97-4d99-a12c-d50eec0a1fcf" />
      <TestMethod codeBase="C:\Users\59065\Desktop\DriveNow WeB Development\DriveNow-TeamProject\DriveNow-TeamProject\VisualStudioTests\bin\Debug\net48\VisualStudioTests.dll" adapterTypeName="executor://mstestadapter/v4" className="DriveNow.DriverManagement.Tests.RatingTests" name="Rating_Blank_IsValid" />
    </UnitTest>
    <UnitTest name="Phone_TooShort_ReturnsError" storage="c:\users\59065\desktop\drivenow web development\drivenow-teamproject\drivenow-teamproject\visualstudiotests\bin\debug\net48\visualstudiotests.dll" id="1b8f4d30-0337-8aa5-b894-4682d41e1fff">
      <Execution id="04876979-b7a2-463b-8805-751ee0474710" />
      <TestMethod codeBase="C:\Users\59065\Desktop\DriveNow WeB Development\DriveNow-TeamProject\DriveNow-TeamProject\VisualStudioTests\bin\Debug\net48\VisualStudioTests.dll" adapterTypeName="executor://mstestadapter/v4" className="DriveNow.DriverManagement.Tests.PhoneTests" name="Phone_TooShort_ReturnsError" />
    </UnitTest>
    <UnitTest name="DateOfBirth_TwentyFiveYearsOld_IsValid" storage="c:\users\59065\desktop\drivenow web development\drivenow-teamproject\drivenow-teamproject\visualstudiotests\bin\debug\net48\visualstudiotests.dll" id="1e3d6c1b-eadb-8f67-a990-2d5f3e10df9d">
      <Execution id="c394bade-e9d7-4629-a030-d0e275e44bd8" />
      <TestMethod codeBase="C:\Users\59065\Desktop\DriveNow WeB Development\DriveNow-TeamProject\DriveNow-TeamProject\VisualStudioTests\bin\Debug\net48\VisualStudioTests.dll" adapterTypeName="executor://mstestadapter/v4" className="DriveNow.DriverManagement.Tests.DateOfBirthTests" name="DateOfBirth_TwentyFiveYearsOld_IsValid" />
    </UnitTest>
    <UnitTest name="Rating_FiveNoDecimal_IsValid" storage="c:\users\59065\desktop\drivenow web development\drivenow-teamproject\drivenow-teamproject\visualstudiotests\bin\debug\net48\visualstudiotests.dll" id="1e53f576-8f1a-82b3-b604-038804465cb8">
      <Execution id="6be64d27-2b4f-43c1-8958-a592716d9141" />
      <TestMethod codeBase="C:\Users\59065\Desktop\DriveNow WeB Development\DriveNow-TeamProject\DriveNow-TeamProject\VisualStudioTests\bin\Debug\net48\VisualStudioTests.dll" adapterTypeName="executor://mstestadapter/v4" className="DriveNow.DriverManagement.Tests.RatingTests" name="Rating_FiveNoDecimal_IsValid" />
    </UnitTest>
    <UnitTest name="DateOfBirth_LeapDayExactlyEighteen_IsValid" storage="c:\users\59065\desktop\drivenow web development\drivenow-teamproject\drivenow-teamproject\visualstudiotests\bin\debug\net48\visualstudiotests.dll" id="1367e4c0-2c5d-85f0-9899-9f6152858293">
      <Execution id="14d86b2a-258a-4cdb-9d63-2d6c00ff7899" />
      <TestMethod codeBase="C:\Users\59065\Desktop\DriveNow WeB Development\DriveNow-TeamProject\DriveNow-TeamProject\VisualStudioTests\bin\Debug\net48\VisualStudioTests.dll" adapterTypeName="executor://mstestadapter/v4" className="DriveNow.DriverManagement.Tests.DateOfBirthTests" name="DateOfBirth_LeapDayExactlyEighteen_IsValid" />
    </UnitTest>
    <UnitTest name="Rating_FourPointFive_IsValid" storage="c:\users\59065\desktop\drivenow web development\drivenow-teamproject\drivenow-teamproject\visualstudiotests\bin\debug\net48\visualstudiotests.dll" id="17f00eed-ba43-8602-b784-f778e895064a">
      <Execution id="de6267b3-3040-4f30-8ae3-85f401813aba" />
      <TestMethod codeBase="C:\Users\59065\Desktop\DriveNow WeB Development\DriveNow-TeamProject\DriveNow-TeamProject\VisualStudioTests\bin\Debug\net48\VisualStudioTests.dll" adapterTypeName="executor://mstestadapter/v4" className="DriveNow.DriverManagement.Tests.RatingTests" name="Rating_FourPointFive_IsValid" />
    </UnitTest>
    <UnitTest name="Licence_NumericValue_IsValid" storage="c:\users\59065\desktop\drivenow web development\drivenow-teamproject\drivenow-teamproject\visualstudiotests\bin\debug\net48\visualstudiotests.dll" id="1eda7251-7518-84d3-94d3-4b7f30bda194">
      <Execution id="897e354c-f530-40a2-8d43-0a74d33be37d" />
      <TestMethod codeBase="C:\Users\59065\Desktop\DriveNow WeB Development\DriveNow-TeamProject\DriveNow-TeamProject\VisualStudioTests\bin\Debug\net48\VisualStudioTests.dll" adapterTypeName="executor://mstestadapter/v4" className="DriveNow.DriverManagement.Tests.LicenceNumberTests" name="Licence_NumericValue_IsValid" />
    </UnitTest>
    <UnitTest name="Phone_TypicalUK_IsValid" storage="c:\users\59065\desktop\drivenow web development\drivenow-teamproject\drivenow-teamproject\visualstudiotests\bin\debug\net48\visualstudiotests.dll" id="153ab15c-1892-8344-8f7b-ec0fe795c8e8">
      <Execution id="d49568e0-9320-4083-9da4-3f449a237e60" />
      <TestMethod codeBase="C:\Users\59065\Desktop\DriveNow WeB Development\DriveNow-TeamProject\DriveNow-TeamProject\VisualStudioTests\bin\Debug\net48\VisualStudioTests.dll" adapterTypeName="executor://mstestadapter/v4" className="DriveNow.DriverManagement.Tests.PhoneTests" name="Phone_TypicalUK_IsValid" />
    </UnitTest>
    <UnitTest name="Phone_MaxBoundary_IsValid" storage="c:\users\59065\desktop\drivenow web development\drivenow-teamproject\drivenow-teamproject\visualstudiotests\bin\debug\net48\visualstudiotests.dll" id="1c6f4e51-b9e4-89e1-999a-0b09b945b212">
      <Execution id="af7588f1-2742-4b3e-b700-81a81374c31b" />
      <TestMethod codeBase="C:\Users\59065\Desktop\DriveNow WeB Development\DriveNow-TeamProject\DriveNow-TeamProject\VisualStudioTests\bin\Debug\net48\VisualStudioTests.dll" adapterTypeName="executor://mstestadapter/v4" className="DriveNow.DriverManagement.Tests.PhoneTests" name="Phone_MaxBoundary_IsValid" />
    </UnitTest>
    <UnitTest name="DateOfBirth_ExactlyEighteenToday_IsValid" storage="c:\users\59065\desktop\drivenow web development\drivenow-teamproject\drivenow-teamproject\visualstudiotests\bin\debug\net48\visualstudiotests.dll" id="13f129d8-a745-837c-a80f-2d89345d2ebd">
      <Execution id="8be02dcf-fa01-4d40-8056-78b3a6a58d19" />
      <TestMethod codeBase="C:\Users\59065\Desktop\DriveNow WeB Development\DriveNow-TeamProject\DriveNow-TeamProject\VisualStudioTests\bin\Debug\net48\VisualStudioTests.dll" adapterTypeName="executor://mstestadapter/v4" className="DriveNow.DriverManagement.Tests.DateOfBirthTests" name="DateOfBirth_ExactlyEighteenToday_IsValid" />
    </UnitTest>
    <UnitTest name="Licence_OneCharacter_IsValid" storage="c:\users\59065\desktop\drivenow web development\drivenow-teamproject\drivenow-teamproject\visualstudiotests\bin\debug\net48\visualstudiotests.dll" id="11ac541a-dbfa-8c77-acba-d64838678402">
      <Execution id="0c191da8-7e85-4380-8f55-7a5b143cb357" />
      <TestMethod codeBase="C:\Users\59065\Desktop\DriveNow WeB Development\DriveNow-TeamProject\DriveNow-TeamProject\VisualStudioTests\bin\Debug\net48\VisualStudioTests.dll" adapterTypeName="executor://mstestadapter/v4" className="DriveNow.DriverManagement.Tests.LicenceNumberTests" name="Licence_OneCharacter_IsValid" />
    </UnitTest>
    <UnitTest name="Rating_FourPoint9_IsValid" storage="c:\users\59065\desktop\drivenow web development\drivenow-teamproject\drivenow-teamproject\visualstudiotests\bin\debug\net48\visualstudiotests.dll" id="1c29fe10-67be-8107-aa3b-bd15fe6a1305">
      <Execution id="07ef6cd3-670d-4931-8bcd-57900df986a2" />
      <TestMethod codeBase="C:\Users\59065\Desktop\DriveNow WeB Development\DriveNow-TeamProject\DriveNow-TeamProject\VisualStudioTests\bin\Debug\net48\VisualStudioTests.dll" adapterTypeName="executor://mstestadapter/v4" className="DriveNow.DriverManagement.Tests.RatingTests" name="Rating_FourPoint9_IsValid" />
    </UnitTest>
    <UnitTest name="Rating_ExactlyFive_IsValid" storage="c:\users\59065\desktop\drivenow web development\drivenow-teamproject\drivenow-teamproject\visualstudiotests\bin\debug\net48\visualstudiotests.dll" id="1e3bfe1f-3e3e-8a36-b8a2-5a37157d8490">
      <Execution id="b51bbdf8-4cff-4e47-a26f-2bc6ef11d3e4" />
      <TestMethod codeBase="C:\Users\59065\Desktop\DriveNow WeB Development\DriveNow-TeamProject\DriveNow-TeamProject\VisualStudioTests\bin\Debug\net48\VisualStudioTests.dll" adapterTypeName="executor://mstestadapter/v4" className="DriveNow.DriverManagement.Tests.RatingTests" name="Rating_ExactlyFive_IsValid" />
    </UnitTest>
    <UnitTest name="IsActive_One_IsValid" storage="c:\users\59065\desktop\drivenow web development\drivenow-teamproject\drivenow-teamproject\visualstudiotests\bin\debug\net48\visualstudiotests.dll" id="12406026-ed3b-8248-a4e0-cbfd5b236ef8">
      <Execution id="bf6bfd7f-2892-47cb-a9fe-741c431d2590" />
      <TestMethod codeBase="C:\Users\59065\Desktop\DriveNow WeB Development\DriveNow-TeamProject\DriveNow-TeamProject\VisualStudioTests\bin\Debug\net48\VisualStudioTests.dll" adapterTypeName="executor://mstestadapter/v4" className="DriveNow.DriverManagement.Tests.IsActiveTests" name="IsActive_One_IsValid" />
    </UnitTest>
    <UnitTest name="FullName_NameWithApostrophe_IsValid" storage="c:\users\59065\desktop\drivenow web development\drivenow-teamproject\drivenow-teamproject\visualstudiotests\bin\debug\net48\visualstudiotests.dll" id="1e4d6ed7-77c3-8b80-ae4c-c7c50a0438b8">
      <Execution id="2915fd22-e795-406c-bd92-200abffd0ce5" />
      <TestMethod codeBase="C:\Users\59065\Desktop\DriveNow WeB Development\DriveNow-TeamProject\DriveNow-TeamProject\VisualStudioTests\bin\Debug\net48\VisualStudioTests.dll" adapterTypeName="executor://mstestadapter/v4" className="DriveNow.DriverManagement.Tests.FullNameTests" name="FullName_NameWithApostrophe_IsValid" />
    </UnitTest>
    <UnitTest name="DateOfBirth_SeventeenYearsThreeHundredSixtyFourDays_ReturnsError" storage="c:\users\59065\desktop\drivenow web development\drivenow-teamproject\drivenow-teamproject\visualstudiotests\bin\debug\net48\visualstudiotests.dll" id="14d75f02-75ed-8aab-87a5-7cc5a4e681d4">
      <Execution id="2404bc08-3ee1-48de-8b5d-6b0b59634140" />
      <TestMethod codeBase="C:\Users\59065\Desktop\DriveNow WeB Development\DriveNow-TeamProject\DriveNow-TeamProject\VisualStudioTests\bin\Debug\net48\VisualStudioTests.dll" adapterTypeName="executor://mstestadapter/v4" className="DriveNow.DriverManagement.Tests.DateOfBirthTests" name="DateOfBirth_SeventeenYearsThreeHundredSixtyFourDays_ReturnsError" />
    </UnitTest>
    <UnitTest name="Rating_Letters_ReturnsError" storage="c:\users\59065\desktop\drivenow web development\drivenow-teamproject\drivenow-teamproject\visualstudiotests\bin\debug\net48\visualstudiotests.dll" id="1cf3f408-e23e-8be0-b4a5-065d789b5e5b">
      <Execution id="e4c21ede-ef39-473d-b5a1-39879f434f8e" />
      <TestMethod codeBase="C:\Users\59065\Desktop\DriveNow WeB Development\DriveNow-TeamProject\DriveNow-TeamProject\VisualStudioTests\bin\Debug\net48\VisualStudioTests.dll" adapterTypeName="executor://mstestadapter/v4" className="DriveNow.DriverManagement.Tests.RatingTests" name="Rating_Letters_ReturnsError" />
    </UnitTest>
    <UnitTest name="JoinDate_Yesterday_IsValid" storage="c:\users\59065\desktop\drivenow web development\drivenow-teamproject\drivenow-teamproject\visualstudiotests\bin\debug\net48\visualstudiotests.dll" id="171e4096-a2aa-8011-9a5d-49bf60f4613d">
      <Execution id="d932dcc7-1832-4221-89e7-17a69eadb676" />
      <TestMethod codeBase="C:\Users\59065\Desktop\DriveNow WeB Development\DriveNow-TeamProject\DriveNow-TeamProject\VisualStudioTests\bin\Debug\net48\VisualStudioTests.dll" adapterTypeName="executor://mstestadapter/v4" className="DriveNow.DriverManagement.Tests.JoinDateTests" name="JoinDate_Yesterday_IsValid" />
    </UnitTest>
    <UnitTest name="FullName_SpecialCharacters_ReturnsError" storage="c:\users\59065\desktop\drivenow web development\drivenow-teamproject\drivenow-teamproject\visualstudiotests\bin\debug\net48\visualstudiotests.dll" id="141eb640-cc16-87e8-9b18-fb83e779615c">
      <Execution id="c86dc1a5-a127-47db-8843-afb53f500dd7" />
      <TestMethod codeBase="C:\Users\59065\Desktop\DriveNow WeB Development\DriveNow-TeamProject\DriveNow-TeamProject\VisualStudioTests\bin\Debug\net48\VisualStudioTests.dll" adapterTypeName="executor://mstestadapter/v4" className="DriveNow.DriverManagement.Tests.FullNameTests" name="FullName_SpecialCharacters_ReturnsError" />
    </UnitTest>
    <UnitTest name="Rating_Point1_IsValid" storage="c:\users\59065\desktop\drivenow web development\drivenow-teamproject\drivenow-teamproject\visualstudiotests\bin\debug\net48\visualstudiotests.dll" id="11d78842-0b6f-8f5a-b57e-0276be591129">
      <Execution id="fa674add-4310-41f1-b1e3-cdf872759566" />
      <TestMethod codeBase="C:\Users\59065\Desktop\DriveNow WeB Development\DriveNow-TeamProject\DriveNow-TeamProject\VisualStudioTests\bin\Debug\net48\VisualStudioTests.dll" adapterTypeName="executor://mstestadapter/v4" className="DriveNow.DriverManagement.Tests.RatingTests" name="Rating_Point1_IsValid" />
    </UnitTest>
    <UnitTest name="Rating_ExtremelyHigh_ReturnsError" storage="c:\users\59065\desktop\drivenow web development\drivenow-teamproject\drivenow-teamproject\visualstudiotests\bin\debug\net48\visualstudiotests.dll" id="186201da-7122-88ee-a990-fd5c791c2d9d">
      <Execution id="9fd676a8-30b2-455e-a55c-fd821a6aa005" />
      <TestMethod codeBase="C:\Users\59065\Desktop\DriveNow WeB Development\DriveNow-TeamProject\DriveNow-TeamProject\VisualStudioTests\bin\Debug\net48\VisualStudioTests.dll" adapterTypeName="executor://mstestadapter/v4" className="DriveNow.DriverManagement.Tests.RatingTests" name="Rating_ExtremelyHigh_ReturnsError" />
    </UnitTest>
    <UnitTest name="Rating_Zero_IsValid" storage="c:\users\59065\desktop\drivenow web development\drivenow-teamproject\drivenow-teamproject\visualstudiotests\bin\debug\net48\visualstudiotests.dll" id="1d249eed-87bc-8a77-9d42-9404014192c1">
      <Execution id="12d8a781-fa92-47d5-899e-3ca3abcae26a" />
      <TestMethod codeBase="C:\Users\59065\Desktop\DriveNow WeB Development\DriveNow-TeamProject\DriveNow-TeamProject\VisualStudioTests\bin\Debug\net48\VisualStudioTests.dll" adapterTypeName="executor://mstestadapter/v4" className="DriveNow.DriverManagement.Tests.RatingTests" name="Rating_Zero_IsValid" />
    </UnitTest>
    <UnitTest name="Rating_WhitespaceOnly_IsValid" storage="c:\users\59065\desktop\drivenow web development\drivenow-teamproject\drivenow-teamproject\visualstudiotests\bin\debug\net48\visualstudiotests.dll" id="10ca46c5-00a4-8a59-b621-749d392fd52a">
      <Execution id="0cd6e2b1-0c80-4fcf-a189-63bc4c9cc11e" />
      <TestMethod codeBase="C:\Users\59065\Desktop\DriveNow WeB Development\DriveNow-TeamProject\DriveNow-TeamProject\VisualStudioTests\bin\Debug\net48\VisualStudioTests.dll" adapterTypeName="executor://mstestadapter/v4" className="DriveNow.DriverManagement.Tests.RatingTests" name="Rating_WhitespaceOnly_IsValid" />
    </UnitTest>
    <UnitTest name="Phone_Letters_ReturnsError" storage="c:\users\59065\desktop\drivenow web development\drivenow-teamproject\drivenow-teamproject\visualstudiotests\bin\debug\net48\visualstudiotests.dll" id="1e08676c-589c-896b-9c7f-1bd6876c034d">
      <Execution id="de1ef0b2-7044-4acc-85d3-25eabe7c723d" />
      <TestMethod codeBase="C:\Users\59065\Desktop\DriveNow WeB Development\DriveNow-TeamProject\DriveNow-TeamProject\VisualStudioTests\bin\Debug\net48\VisualStudioTests.dll" adapterTypeName="executor://mstestadapter/v4" className="DriveNow.DriverManagement.Tests.PhoneTests" name="Phone_Letters_ReturnsError" />
    </UnitTest>
    <UnitTest name="Phone_TypicalDanish_IsValid" storage="c:\users\59065\desktop\drivenow web development\drivenow-teamproject\drivenow-teamproject\visualstudiotests\bin\debug\net48\visualstudiotests.dll" id="1320bc69-c12d-85a3-9b3e-d82de9acb009">
      <Execution id="8018b780-7ece-4e26-838a-b084be1c61f2" />
      <TestMethod codeBase="C:\Users\59065\Desktop\DriveNow WeB Development\DriveNow-TeamProject\DriveNow-TeamProject\VisualStudioTests\bin\Debug\net48\VisualStudioTests.dll" adapterTypeName="executor://mstestadapter/v4" className="DriveNow.DriverManagement.Tests.PhoneTests" name="Phone_TypicalDanish_IsValid" />
    </UnitTest>
    <UnitTest name="JoinDate_FarFuture_ReturnsError" storage="c:\users\59065\desktop\drivenow web development\drivenow-teamproject\drivenow-teamproject\visualstudiotests\bin\debug\net48\visualstudiotests.dll" id="1ea327d3-fdce-8637-ac7f-59cdf006a3a4">
      <Execution id="ddf1408a-c42e-43ec-94fb-d0d5ab5ad4f3" />
      <TestMethod codeBase="C:\Users\59065\Desktop\DriveNow WeB Development\DriveNow-TeamProject\DriveNow-TeamProject\VisualStudioTests\bin\Debug\net48\VisualStudioTests.dll" adapterTypeName="executor://mstestadapter/v4" className="DriveNow.DriverManagement.Tests.JoinDateTests" name="JoinDate_FarFuture_ReturnsError" />
    </UnitTest>
    <UnitTest name="Licence_TwoCharacters_IsValid" storage="c:\users\59065\desktop\drivenow web development\drivenow-teamproject\drivenow-teamproject\visualstudiotests\bin\debug\net48\visualstudiotests.dll" id="1e5f7da2-877b-8a7c-a318-4d5478ca54da">
      <Execution id="5cbcdbb3-64dd-4338-9837-15901dd45aaf" />
      <TestMethod codeBase="C:\Users\59065\Desktop\DriveNow WeB Development\DriveNow-TeamProject\DriveNow-TeamProject\VisualStudioTests\bin\Debug\net48\VisualStudioTests.dll" adapterTypeName="executor://mstestadapter/v4" className="DriveNow.DriverManagement.Tests.LicenceNumberTests" name="Licence_TwoCharacters_IsValid" />
    </UnitTest>
    <UnitTest name="DateOfBirth_VeryOldDate_IsValid" storage="c:\users\59065\desktop\drivenow web development\drivenow-teamproject\drivenow-teamproject\visualstudiotests\bin\debug\net48\visualstudiotests.dll" id="10d98484-349c-86af-a597-fc34a850327c">
      <Execution id="8e1256c9-8191-4349-bd1a-73a66734c595" />
      <TestMethod codeBase="C:\Users\59065\Desktop\DriveNow WeB Development\DriveNow-TeamProject\DriveNow-TeamProject\VisualStudioTests\bin\Debug\net48\VisualStudioTests.dll" adapterTypeName="executor://mstestadapter/v4" className="DriveNow.DriverManagement.Tests.DateOfBirthTests" name="DateOfBirth_VeryOldDate_IsValid" />
    </UnitTest>
    <UnitTest name="Licence_Empty_ReturnsError" storage="c:\users\59065\desktop\drivenow web development\drivenow-teamproject\drivenow-teamproject\visualstudiotests\bin\debug\net48\visualstudiotests.dll" id="1a4def2f-82e2-8099-adb9-0e27d1d597ce">
      <Execution id="fc07fed4-945f-4e98-a84f-53d4b75cc7a7" />
      <TestMethod codeBase="C:\Users\59065\Desktop\DriveNow WeB Development\DriveNow-TeamProject\DriveNow-TeamProject\VisualStudioTests\bin\Debug\net48\VisualStudioTests.dll" adapterTypeName="executor://mstestadapter/v4" className="DriveNow.DriverManagement.Tests.LicenceNumberTests" name="Licence_Empty_ReturnsError" />
    </UnitTest>
    <UnitTest name="DateOfBirth_FarFuture_ReturnsError" storage="c:\users\59065\desktop\drivenow web development\drivenow-teamproject\drivenow-teamproject\visualstudiotests\bin\debug\net48\visualstudiotests.dll" id="17c74340-eb50-83c1-bf41-760574362da4">
      <Execution id="6d3501dc-e76b-4624-81b2-d821168846b1" />
      <TestMethod codeBase="C:\Users\59065\Desktop\DriveNow WeB Development\DriveNow-TeamProject\DriveNow-TeamProject\VisualStudioTests\bin\Debug\net48\VisualStudioTests.dll" adapterTypeName="executor://mstestadapter/v4" className="DriveNow.DriverManagement.Tests.DateOfBirthTests" name="DateOfBirth_FarFuture_ReturnsError" />
    </UnitTest>
    <UnitTest name="Rating_Null_IsValid" storage="c:\users\59065\desktop\drivenow web development\drivenow-teamproject\drivenow-teamproject\visualstudiotests\bin\debug\net48\visualstudiotests.dll" id="1ac1204c-7061-8083-bd32-62716141f054">
      <Execution id="6a911ce8-fdc4-446b-9c03-03b238dfc3b6" />
      <TestMethod codeBase="C:\Users\59065\Desktop\DriveNow WeB Development\DriveNow-TeamProject\DriveNow-TeamProject\VisualStudioTests\bin\Debug\net48\VisualStudioTests.dll" adapterTypeName="executor://mstestadapter/v4" className="DriveNow.DriverManagement.Tests.RatingTests" name="Rating_Null_IsValid" />
    </UnitTest>
    <UnitTest name="FullName_OneLetter_IsValid" storage="c:\users\59065\desktop\drivenow web development\drivenow-teamproject\drivenow-teamproject\visualstudiotests\bin\debug\net48\visualstudiotests.dll" id="1a6df10f-c29a-8156-badb-90769bbb57ce">
      <Execution id="113c41bf-3dd1-4a34-b811-f8031f52542b" />
      <TestMethod codeBase="C:\Users\59065\Desktop\DriveNow WeB Development\DriveNow-TeamProject\DriveNow-TeamProject\VisualStudioTests\bin\Debug\net48\VisualStudioTests.dll" adapterTypeName="executor://mstestadapter/v4" className="DriveNow.DriverManagement.Tests.FullNameTests" name="FullName_OneLetter_IsValid" />
    </UnitTest>
    <UnitTest name="Rating_Text_ReturnsError" storage="c:\users\59065\desktop\drivenow web development\drivenow-teamproject\drivenow-teamproject\visualstudiotests\bin\debug\net48\visualstudiotests.dll" id="109762e7-b76d-8522-a0b1-ee0167fe645e">
      <Execution id="d26dc57f-b07b-4884-888f-8e81145e1131" />
      <TestMethod codeBase="C:\Users\59065\Desktop\DriveNow WeB Development\DriveNow-TeamProject\DriveNow-TeamProject\VisualStudioTests\bin\Debug\net48\VisualStudioTests.dll" adapterTypeName="executor://mstestadapter/v4" className="DriveNow.DriverManagement.Tests.RatingTests" name="Rating_Text_ReturnsError" />
    </UnitTest>
    <UnitTest name="Licence_TwentyNineChars_IsValid" storage="c:\users\59065\desktop\drivenow web development\drivenow-teamproject\drivenow-teamproject\visualstudiotests\bin\debug\net48\visualstudiotests.dll" id="1874328d-f9d3-8738-9324-5982669bf4b1">
      <Execution id="032f3cf7-cd60-4280-9e9b-4d2f4f6182c6" />
      <TestMethod codeBase="C:\Users\59065\Desktop\DriveNow WeB Development\DriveNow-TeamProject\DriveNow-TeamProject\VisualStudioTests\bin\Debug\net48\VisualStudioTests.dll" adapterTypeName="executor://mstestadapter/v4" className="DriveNow.DriverManagement.Tests.LicenceNumberTests" name="Licence_TwentyNineChars_IsValid" />
    </UnitTest>
    <UnitTest name="Rating_FivePoint1_ReturnsError" storage="c:\users\59065\desktop\drivenow web development\drivenow-teamproject\drivenow-teamproject\visualstudiotests\bin\debug\net48\visualstudiotests.dll" id="1792e9b1-8f6a-88ef-8745-b29113de781e">
      <Execution id="e39ba1c4-551e-4466-91d8-7970f3c06939" />
      <TestMethod codeBase="C:\Users\59065\Desktop\DriveNow WeB Development\DriveNow-TeamProject\DriveNow-TeamProject\VisualStudioTests\bin\Debug\net48\VisualStudioTests.dll" adapterTypeName="executor://mstestadapter/v4" className="DriveNow.DriverManagement.Tests.RatingTests" name="Rating_FivePoint1_ReturnsError" />
    </UnitTest>
    <UnitTest name="IsActive_Zero_IsValid" storage="c:\users\59065\desktop\drivenow web development\drivenow-teamproject\drivenow-teamproject\visualstudiotests\bin\debug\net48\visualstudiotests.dll" id="1b2d82d0-6c9f-8baf-9b6c-f83ad24db3a4">
      <Execution id="e6e16f82-f028-435a-ae83-b9f39ca0a8dd" />
      <TestMethod codeBase="C:\Users\59065\Desktop\DriveNow WeB Development\DriveNow-TeamProject\DriveNow-TeamProject\VisualStudioTests\bin\Debug\net48\VisualStudioTests.dll" adapterTypeName="executor://mstestadapter/v4" className="DriveNow.DriverManagement.Tests.IsActiveTests" name="IsActive_Zero_IsValid" />
    </UnitTest>
    <UnitTest name="FullName_TwoHundredChars_ReturnsError" storage="c:\users\59065\desktop\drivenow web development\drivenow-teamproject\drivenow-teamproject\visualstudiotests\bin\debug\net48\visualstudiotests.dll" id="1c8b9ccc-54ea-89cf-98e9-83b817f160a2">
      <Execution id="73e8d7fb-ef11-4c65-a7f8-6bd3d589a565" />
      <TestMethod codeBase="C:\Users\59065\Desktop\DriveNow WeB Development\DriveNow-TeamProject\DriveNow-TeamProject\VisualStudioTests\bin\Debug\net48\VisualStudioTests.dll" adapterTypeName="executor://mstestadapter/v4" className="DriveNow.DriverManagement.Tests.FullNameTests" name="FullName_TwoHundredChars_ReturnsError" />
    </UnitTest>
    <UnitTest name="FullName_NameWithHyphen_IsValid" storage="c:\users\59065\desktop\drivenow web development\drivenow-teamproject\drivenow-teamproject\visualstudiotests\bin\debug\net48\visualstudiotests.dll" id="15bcd3e2-5d24-878a-bf6f-030a7c2bd8d9">
      <Execution id="05956ecb-9a34-430e-9bbc-934e420d3acb" />
      <TestMethod codeBase="C:\Users\59065\Desktop\DriveNow WeB Development\DriveNow-TeamProject\DriveNow-TeamProject\VisualStudioTests\bin\Debug\net48\VisualStudioTests.dll" adapterTypeName="executor://mstestadapter/v4" className="DriveNow.DriverManagement.Tests.FullNameTests" name="FullName_NameWithHyphen_IsValid" />
    </UnitTest>
    <UnitTest name="FullName_TwoLetters_IsValid" storage="c:\users\59065\desktop\drivenow web development\drivenow-teamproject\drivenow-teamproject\visualstudiotests\bin\debug\net48\visualstudiotests.dll" id="1f6da4a6-1c68-84ef-b99e-23750c52371e">
      <Execution id="923f05c4-0283-4a95-9360-2c4b6dbf2d93" />
      <TestMethod codeBase="C:\Users\59065\Desktop\DriveNow WeB Development\DriveNow-TeamProject\DriveNow-TeamProject\VisualStudioTests\bin\Debug\net48\VisualStudioTests.dll" adapterTypeName="executor://mstestadapter/v4" className="DriveNow.DriverManagement.Tests.FullNameTests" name="FullName_TwoLetters_IsValid" />
    </UnitTest>
    <UnitTest name="Licence_SpacesOnly_ReturnsError" storage="c:\users\59065\desktop\drivenow web development\drivenow-teamproject\drivenow-teamproject\visualstudiotests\bin\debug\net48\visualstudiotests.dll" id="121f6a83-6415-8778-aae0-8c853a1d3476">
      <Execution id="a013cc37-64b5-403d-a9ca-f98c593df6df" />
      <TestMethod codeBase="C:\Users\59065\Desktop\DriveNow WeB Development\DriveNow-TeamProject\DriveNow-TeamProject\VisualStudioTests\bin\Debug\net48\VisualStudioTests.dll" adapterTypeName="executor://mstestadapter/v4" className="DriveNow.DriverManagement.Tests.LicenceNumberTests" name="Licence_SpacesOnly_ReturnsError" />
    </UnitTest>
    <UnitTest name="FullName_ExactlyOneHundredChars_IsValid" storage="c:\users\59065\desktop\drivenow web development\drivenow-teamproject\drivenow-teamproject\visualstudiotests\bin\debug\net48\visualstudiotests.dll" id="1922e0e8-b20d-8834-b395-10101702e7c6">
      <Execution id="42fba175-caf6-4430-83d2-b840a546c904" />
      <TestMethod codeBase="C:\Users\59065\Desktop\DriveNow WeB Development\DriveNow-TeamProject\DriveNow-TeamProject\VisualStudioTests\bin\Debug\net48\VisualStudioTests.dll" adapterTypeName="executor://mstestadapter/v4" className="DriveNow.DriverManagement.Tests.FullNameTests" name="FullName_ExactlyOneHundredChars_IsValid" />
    </UnitTest>
    <UnitTest name="FullName_Null_ReturnsError" storage="c:\users\59065\desktop\drivenow web development\drivenow-teamproject\drivenow-teamproject\visualstudiotests\bin\debug\net48\visualstudiotests.dll" id="1a902620-7780-8294-9bdb-b33c899a484e">
      <Execution id="a05a872c-76e9-4f3c-9834-492cdc4c64c3" />
      <TestMethod codeBase="C:\Users\59065\Desktop\DriveNow WeB Development\DriveNow-TeamProject\DriveNow-TeamProject\VisualStudioTests\bin\Debug\net48\VisualStudioTests.dll" adapterTypeName="executor://mstestadapter/v4" className="DriveNow.DriverManagement.Tests.FullNameTests" name="FullName_Null_ReturnsError" />
    </UnitTest>
    <UnitTest name="FullName_DigitsOnly_ReturnsError" storage="c:\users\59065\desktop\drivenow web development\drivenow-teamproject\drivenow-teamproject\visualstudiotests\bin\debug\net48\visualstudiotests.dll" id="1a725b0f-02a7-8587-b819-f2b6280862e4">
      <Execution id="ac712eb1-f9ee-492e-8161-7639c8fb3706" />
      <TestMethod codeBase="C:\Users\59065\Desktop\DriveNow WeB Development\DriveNow-TeamProject\DriveNow-TeamProject\VisualStudioTests\bin\Debug\net48\VisualStudioTests.dll" adapterTypeName="executor://mstestadapter/v4" className="DriveNow.DriverManagement.Tests.FullNameTests" name="FullName_DigitsOnly_ReturnsError" />
    </UnitTest>
    <UnitTest name="Rating_SpecialChars_ReturnsError" storage="c:\users\59065\desktop\drivenow web development\drivenow-teamproject\drivenow-teamproject\visualstudiotests\bin\debug\net48\visualstudiotests.dll" id="19fc9233-7c6b-8783-8aee-3380ca3a97fe">
      <Execution id="21284250-2d29-4a06-821c-73f664f6bda2" />
      <TestMethod codeBase="C:\Users\59065\Desktop\DriveNow WeB Development\DriveNow-TeamProject\DriveNow-TeamProject\VisualStudioTests\bin\Debug\net48\VisualStudioTests.dll" adapterTypeName="executor://mstestadapter/v4" className="DriveNow.DriverManagement.Tests.RatingTests" name="Rating_SpecialChars_ReturnsError" />
    </UnitTest>
    <UnitTest name="DateOfBirth_ThirtyFiveYearsOld_IsValid" storage="c:\users\59065\desktop\drivenow web development\drivenow-teamproject\drivenow-teamproject\visualstudiotests\bin\debug\net48\visualstudiotests.dll" id="1acaa445-4bfa-8b29-8112-da2aa879551e">
      <Execution id="0a4c76d1-5b6e-481d-bc92-71c260c62e3f" />
      <TestMethod codeBase="C:\Users\59065\Desktop\DriveNow WeB Development\DriveNow-TeamProject\DriveNow-TeamProject\VisualStudioTests\bin\Debug\net48\VisualStudioTests.dll" adapterTypeName="executor://mstestadapter/v4" className="DriveNow.DriverManagement.Tests.DateOfBirthTests" name="DateOfBirth_ThirtyFiveYearsOld_IsValid" />
    </UnitTest>
    <UnitTest name="JoinDate_Today_IsValid" storage="c:\users\59065\desktop\drivenow web development\drivenow-teamproject\drivenow-teamproject\visualstudiotests\bin\debug\net48\visualstudiotests.dll" id="12e61949-945d-82ee-b926-fdae422c0944">
      <Execution id="2cb3fe3a-2f12-4fca-a790-d28acba18240" />
      <TestMethod codeBase="C:\Users\59065\Desktop\DriveNow WeB Development\DriveNow-TeamProject\DriveNow-TeamProject\VisualStudioTests\bin\Debug\net48\VisualStudioTests.dll" adapterTypeName="executor://mstestadapter/v4" className="DriveNow.DriverManagement.Tests.JoinDateTests" name="JoinDate_Today_IsValid" />
    </UnitTest>
    <UnitTest name="JoinDate_Tomorrow_ReturnsError" storage="c:\users\59065\desktop\drivenow web development\drivenow-teamproject\drivenow-teamproject\visualstudiotests\bin\debug\net48\visualstudiotests.dll" id="13a6fe10-353f-8e4d-b5af-8b19759c3a4c">
      <Execution id="28bc5d33-4eda-4860-9c5f-1a3f68d61183" />
      <TestMethod codeBase="C:\Users\59065\Desktop\DriveNow WeB Development\DriveNow-TeamProject\DriveNow-TeamProject\VisualStudioTests\bin\Debug\net48\VisualStudioTests.dll" adapterTypeName="executor://mstestadapter/v4" className="DriveNow.DriverManagement.Tests.JoinDateTests" name="JoinDate_Tomorrow_ReturnsError" />
    </UnitTest>
    <UnitTest name="Phone_Empty_ReturnsError" storage="c:\users\59065\desktop\drivenow web development\drivenow-teamproject\drivenow-teamproject\visualstudiotests\bin\debug\net48\visualstudiotests.dll" id="1e8d05d9-6366-8ba0-a66d-962eab6b6dfe">
      <Execution id="b2d759d8-320a-4d3d-990a-e44fe006ccad" />
      <TestMethod codeBase="C:\Users\59065\Desktop\DriveNow WeB Development\DriveNow-TeamProject\DriveNow-TeamProject\VisualStudioTests\bin\Debug\net48\VisualStudioTests.dll" adapterTypeName="executor://mstestadapter/v4" className="DriveNow.DriverManagement.Tests.PhoneTests" name="Phone_Empty_ReturnsError" />
    </UnitTest>
  </TestDefinitions>
  <TestEntries>
    <TestEntry testId="1d249eed-87bc-8a77-9d42-9404014192c1" executionId="12d8a781-fa92-47d5-899e-3ca3abcae26a" testListId="8c84fa94-04c1-424b-9868-57a2d4851a1d" />
    <TestEntry testId="141eb640-cc16-87e8-9b18-fb83e779615c" executionId="c86dc1a5-a127-47db-8843-afb53f500dd7" testListId="8c84fa94-04c1-424b-9868-57a2d4851a1d" />
    <TestEntry testId="1922e0e8-b20d-8834-b395-10101702e7c6" executionId="42fba175-caf6-4430-83d2-b840a546c904" testListId="8c84fa94-04c1-424b-9868-57a2d4851a1d" />
    <TestEntry testId="1996586a-bf48-8337-bca3-1de5d6832d95" executionId="13ffff95-a922-494a-bff2-8216182a0038" testListId="8c84fa94-04c1-424b-9868-57a2d4851a1d" />
    <TestEntry testId="109762e7-b76d-8522-a0b1-ee0167fe645e" executionId="d26dc57f-b07b-4884-888f-8e81145e1131" testListId="8c84fa94-04c1-424b-9868-57a2d4851a1d" />
    <TestEntry testId="114c30d6-856e-809e-8f5d-a8cdf552c4eb" executionId="3516b69a-2ea7-47d0-9d00-90cc9374189b" testListId="8c84fa94-04c1-424b-9868-57a2d4851a1d" />
    <TestEntry testId="1a4def2f-82e2-8099-adb9-0e27d1d597ce" executionId="fc07fed4-945f-4e98-a84f-53d4b75cc7a7" testListId="8c84fa94-04c1-424b-9868-57a2d4851a1d" />
    <TestEntry testId="1ba0c505-c8e1-8662-8feb-d5774038278a" executionId="f574f68a-8f7e-44a9-81bc-1391e8c7c1c6" testListId="8c84fa94-04c1-424b-9868-57a2d4851a1d" />
    <TestEntry testId="1a725b0f-02a7-8587-b819-f2b6280862e4" executionId="ac712eb1-f9ee-492e-8161-7639c8fb3706" testListId="8c84fa94-04c1-424b-9868-57a2d4851a1d" />
    <TestEntry testId="1c29fe10-67be-8107-aa3b-bd15fe6a1305" executionId="07ef6cd3-670d-4931-8bcd-57900df986a2" testListId="8c84fa94-04c1-424b-9868-57a2d4851a1d" />
    <TestEntry testId="1efcbb99-380d-89ae-9907-d899d128bdd7" executionId="10e16094-ff73-417e-8922-5a9a10964879" testListId="8c84fa94-04c1-424b-9868-57a2d4851a1d" />
    <TestEntry testId="12406026-ed3b-8248-a4e0-cbfd5b236ef8" executionId="bf6bfd7f-2892-47cb-a9fe-741c431d2590" testListId="8c84fa94-04c1-424b-9868-57a2d4851a1d" />
    <TestEntry testId="14d75f02-75ed-8aab-87a5-7cc5a4e681d4" executionId="2404bc08-3ee1-48de-8b5d-6b0b59634140" testListId="8c84fa94-04c1-424b-9868-57a2d4851a1d" />
    <TestEntry testId="1dc7b38e-bcee-8b64-b4f0-9cb077d7cc0f" executionId="c5ae7815-c7f9-4d21-a83e-c62d18036564" testListId="8c84fa94-04c1-424b-9868-57a2d4851a1d" />
    <TestEntry testId="1f9392f1-03c0-8aa9-b8b7-75fd2bbcfc54" executionId="b2dfe3aa-6380-49a3-89a8-cb3f14765dd7" testListId="8c84fa94-04c1-424b-9868-57a2d4851a1d" />
    <TestEntry testId="10b4cb72-8658-8d9d-a1fa-18f27b68d227" executionId="02a3d097-a929-4852-9a85-c44b64ed7981" testListId="8c84fa94-04c1-424b-9868-57a2d4851a1d" />
    <TestEntry testId="14c2d572-8c56-8b7e-a38d-1369be1de6bb" executionId="a902c728-052d-4978-8ec1-d3652b67058e" testListId="8c84fa94-04c1-424b-9868-57a2d4851a1d" />
    <TestEntry testId="121f6a83-6415-8778-aae0-8c853a1d3476" executionId="a013cc37-64b5-403d-a9ca-f98c593df6df" testListId="8c84fa94-04c1-424b-9868-57a2d4851a1d" />
    <TestEntry testId="18bcbccb-ffa9-87eb-9e5c-4a7cc303a30d" executionId="e59a9adb-be05-4670-b53f-da1d3ce82d72" testListId="8c84fa94-04c1-424b-9868-57a2d4851a1d" />
    <TestEntry testId="13f129d8-a745-837c-a80f-2d89345d2ebd" executionId="8be02dcf-fa01-4d40-8056-78b3a6a58d19" testListId="8c84fa94-04c1-424b-9868-57a2d4851a1d" />
    <TestEntry testId="10d98484-349c-86af-a597-fc34a850327c" executionId="8e1256c9-8191-4349-bd1a-73a66734c595" testListId="8c84fa94-04c1-424b-9868-57a2d4851a1d" />
    <TestEntry testId="19f7551b-7625-8131-af7a-436016d17505" executionId="2fd92e73-7981-485b-a1fe-5c33528b2373" testListId="8c84fa94-04c1-424b-9868-57a2d4851a1d" />
    <TestEntry testId="1f6da4a6-1c68-84ef-b99e-23750c52371e" executionId="923f05c4-0283-4a95-9360-2c4b6dbf2d93" testListId="8c84fa94-04c1-424b-9868-57a2d4851a1d" />
    <TestEntry testId="1793367a-81da-8b42-b4fb-676ecbfb78fc" executionId="3c0fdd0f-2b38-4b2b-afa4-43bff2044765" testListId="8c84fa94-04c1-424b-9868-57a2d4851a1d" />
    <TestEntry testId="1b567cb4-41e8-8e36-8fbc-ac8abbbd9200" executionId="10bc2057-3c6c-4606-9daf-04a1228b64e5" testListId="8c84fa94-04c1-424b-9868-57a2d4851a1d" />
    <TestEntry testId="1bb3a5c7-ed12-8164-8d4e-e44d81fe2a20" executionId="824f950b-adb9-4db3-933a-c66c3675b718" testListId="8c84fa94-04c1-424b-9868-57a2d4851a1d" />
    <TestEntry testId="1eda7251-7518-84d3-94d3-4b7f30bda194" executionId="897e354c-f530-40a2-8d43-0a74d33be37d" testListId="8c84fa94-04c1-424b-9868-57a2d4851a1d" />
    <TestEntry testId="1a6df10f-c29a-8156-badb-90769bbb57ce" executionId="113c41bf-3dd1-4a34-b811-f8031f52542b" testListId="8c84fa94-04c1-424b-9868-57a2d4851a1d" />
    <TestEntry testId="12ba94f3-a40d-811f-a608-e051c3dc712f" executionId="1e2c3e5f-02db-4281-88f8-79df03ad0e23" testListId="8c84fa94-04c1-424b-9868-57a2d4851a1d" />
    <TestEntry testId="1b8f4d30-0337-8aa5-b894-4682d41e1fff" executionId="04876979-b7a2-463b-8805-751ee0474710" testListId="8c84fa94-04c1-424b-9868-57a2d4851a1d" />
    <TestEntry testId="11d78842-0b6f-8f5a-b57e-0276be591129" executionId="fa674add-4310-41f1-b1e3-cdf872759566" testListId="8c84fa94-04c1-424b-9868-57a2d4851a1d" />
    <TestEntry testId="1c8b9ccc-54ea-89cf-98e9-83b817f160a2" executionId="73e8d7fb-ef11-4c65-a7f8-6bd3d589a565" testListId="8c84fa94-04c1-424b-9868-57a2d4851a1d" />
    <TestEntry testId="10ca46c5-00a4-8a59-b621-749d392fd52a" executionId="0cd6e2b1-0c80-4fcf-a189-63bc4c9cc11e" testListId="8c84fa94-04c1-424b-9868-57a2d4851a1d" />
    <TestEntry testId="17c74340-eb50-83c1-bf41-760574362da4" executionId="6d3501dc-e76b-4624-81b2-d821168846b1" testListId="8c84fa94-04c1-424b-9868-57a2d4851a1d" />
    <TestEntry testId="128f062a-b2f6-8335-ac2a-09aebfe7d72a" executionId="5123925e-6bdb-4dae-a16e-5aeefc7958b7" testListId="8c84fa94-04c1-424b-9868-57a2d4851a1d" />
    <TestEntry testId="17ec4006-274c-847d-922e-a3f7d4d71437" executionId="55315283-d781-43c3-8e9f-6346488b3b04" testListId="8c84fa94-04c1-424b-9868-57a2d4851a1d" />
    <TestEntry testId="1ac1204c-7061-8083-bd32-62716141f054" executionId="6a911ce8-fdc4-446b-9c03-03b238dfc3b6" testListId="8c84fa94-04c1-424b-9868-57a2d4851a1d" />
    <TestEntry testId="186201da-7122-88ee-a990-fd5c791c2d9d" executionId="9fd676a8-30b2-455e-a55c-fd821a6aa005" testListId="8c84fa94-04c1-424b-9868-57a2d4851a1d" />
    <TestEntry testId="1792e9b1-8f6a-88ef-8745-b29113de781e" executionId="e39ba1c4-551e-4466-91d8-7970f3c06939" testListId="8c84fa94-04c1-424b-9868-57a2d4851a1d" />
    <TestEntry testId="1b9262ab-acd6-87f8-9d74-5e4226408e15" executionId="6d5ebaf7-b81c-43e5-960f-52e73a1826d0" testListId="8c84fa94-04c1-424b-9868-57a2d4851a1d" />
    <TestEntry testId="1e3d6c1b-eadb-8f67-a990-2d5f3e10df9d" executionId="c394bade-e9d7-4629-a030-d0e275e44bd8" testListId="8c84fa94-04c1-424b-9868-57a2d4851a1d" />
    <TestEntry testId="12e61949-945d-82ee-b926-fdae422c0944" executionId="2cb3fe3a-2f12-4fca-a790-d28acba18240" testListId="8c84fa94-04c1-424b-9868-57a2d4851a1d" />
    <TestEntry testId="1e3bfe1f-3e3e-8a36-b8a2-5a37157d8490" executionId="b51bbdf8-4cff-4e47-a26f-2bc6ef11d3e4" testListId="8c84fa94-04c1-424b-9868-57a2d4851a1d" />
    <TestEntry testId="15bcd3e2-5d24-878a-bf6f-030a7c2bd8d9" executionId="05956ecb-9a34-430e-9bbc-934e420d3acb" testListId="8c84fa94-04c1-424b-9868-57a2d4851a1d" />
    <TestEntry testId="1acaa445-4bfa-8b29-8112-da2aa879551e" executionId="0a4c76d1-5b6e-481d-bc92-71c260c62e3f" testListId="8c84fa94-04c1-424b-9868-57a2d4851a1d" />
    <TestEntry testId="11f1ed8b-732c-8a8a-be52-e689c92fce61" executionId="68658a4d-e84b-40dc-8be1-d8489ccbe5de" testListId="8c84fa94-04c1-424b-9868-57a2d4851a1d" />
    <TestEntry testId="13a6fe10-353f-8e4d-b5af-8b19759c3a4c" executionId="28bc5d33-4eda-4860-9c5f-1a3f68d61183" testListId="8c84fa94-04c1-424b-9868-57a2d4851a1d" />
    <TestEntry testId="1e5f7da2-877b-8a7c-a318-4d5478ca54da" executionId="5cbcdbb3-64dd-4338-9837-15901dd45aaf" testListId="8c84fa94-04c1-424b-9868-57a2d4851a1d" />
    <TestEntry testId="1ea327d3-fdce-8637-ac7f-59cdf006a3a4" executionId="ddf1408a-c42e-43ec-94fb-d0d5ab5ad4f3" testListId="8c84fa94-04c1-424b-9868-57a2d4851a1d" />
    <TestEntry testId="1757e372-39b5-8cd4-8525-c35809148f7f" executionId="9bbda36d-bc8a-48f0-8ba4-247dc469d741" testListId="8c84fa94-04c1-424b-9868-57a2d4851a1d" />
    <TestEntry testId="152c70ea-8a8a-80ea-8c77-ec7015d968ae" executionId="f61c32ad-7b97-4d99-a12c-d50eec0a1fcf" testListId="8c84fa94-04c1-424b-9868-57a2d4851a1d" />
    <TestEntry testId="1e53f576-8f1a-82b3-b604-038804465cb8" executionId="6be64d27-2b4f-43c1-8958-a592716d9141" testListId="8c84fa94-04c1-424b-9868-57a2d4851a1d" />
    <TestEntry testId="1234fce7-4639-88b4-979c-1c771ba4e271" executionId="928f8327-4555-4c4a-8d58-e97cb0504c75" testListId="8c84fa94-04c1-424b-9868-57a2d4851a1d" />
    <TestEntry testId="1cf3f408-e23e-8be0-b4a5-065d789b5e5b" executionId="e4c21ede-ef39-473d-b5a1-39879f434f8e" testListId="8c84fa94-04c1-424b-9868-57a2d4851a1d" />
    <TestEntry testId="1e8d05d9-6366-8ba0-a66d-962eab6b6dfe" executionId="b2d759d8-320a-4d3d-990a-e44fe006ccad" testListId="8c84fa94-04c1-424b-9868-57a2d4851a1d" />
    <TestEntry testId="15005379-6079-867e-b703-f18d2bb35f2e" executionId="687a0451-0bf1-4e35-9f2c-16d435a380bf" testListId="8c84fa94-04c1-424b-9868-57a2d4851a1d" />
    <TestEntry testId="1d1efbad-e294-8c0f-953a-c73cd3266321" executionId="f96a8392-21b6-4398-b373-9c3a05d14338" testListId="8c84fa94-04c1-424b-9868-57a2d4851a1d" />
    <TestEntry testId="1367e4c0-2c5d-85f0-9899-9f6152858293" executionId="14d86b2a-258a-4cdb-9d63-2d6c00ff7899" testListId="8c84fa94-04c1-424b-9868-57a2d4851a1d" />
    <TestEntry testId="1c6f4e51-b9e4-89e1-999a-0b09b945b212" executionId="af7588f1-2742-4b3e-b700-81a81374c31b" testListId="8c84fa94-04c1-424b-9868-57a2d4851a1d" />
    <TestEntry testId="12a83a70-2c33-8fa6-9384-cabe226a5da7" executionId="8e89b4b5-e78c-4dac-b7df-7ecb87aeb856" testListId="8c84fa94-04c1-424b-9868-57a2d4851a1d" />
    <TestEntry testId="1e4d6ed7-77c3-8b80-ae4c-c7c50a0438b8" executionId="2915fd22-e795-406c-bd92-200abffd0ce5" testListId="8c84fa94-04c1-424b-9868-57a2d4851a1d" />
    <TestEntry testId="1a902620-7780-8294-9bdb-b33c899a484e" executionId="a05a872c-76e9-4f3c-9834-492cdc4c64c3" testListId="8c84fa94-04c1-424b-9868-57a2d4851a1d" />
    <TestEntry testId="17f00eed-ba43-8602-b784-f778e895064a" executionId="de6267b3-3040-4f30-8ae3-85f401813aba" testListId="8c84fa94-04c1-424b-9868-57a2d4851a1d" />
    <TestEntry testId="153ab15c-1892-8344-8f7b-ec0fe795c8e8" executionId="d49568e0-9320-4083-9da4-3f449a237e60" testListId="8c84fa94-04c1-424b-9868-57a2d4851a1d" />
    <TestEntry testId="1e08676c-589c-896b-9c7f-1bd6876c034d" executionId="de1ef0b2-7044-4acc-85d3-25eabe7c723d" testListId="8c84fa94-04c1-424b-9868-57a2d4851a1d" />
    <TestEntry testId="1c36b1c2-d637-8708-8bf6-28f51acd4ec0" executionId="54e247fa-c1be-44ba-b1ee-e94b7c55ea52" testListId="8c84fa94-04c1-424b-9868-57a2d4851a1d" />
    <TestEntry testId="11ac541a-dbfa-8c77-acba-d64838678402" executionId="0c191da8-7e85-4380-8f55-7a5b143cb357" testListId="8c84fa94-04c1-424b-9868-57a2d4851a1d" />
    <TestEntry testId="1874328d-f9d3-8738-9324-5982669bf4b1" executionId="032f3cf7-cd60-4280-9e9b-4d2f4f6182c6" testListId="8c84fa94-04c1-424b-9868-57a2d4851a1d" />
    <TestEntry testId="19fc9233-7c6b-8783-8aee-3380ca3a97fe" executionId="21284250-2d29-4a06-821c-73f664f6bda2" testListId="8c84fa94-04c1-424b-9868-57a2d4851a1d" />
    <TestEntry testId="171e4096-a2aa-8011-9a5d-49bf60f4613d" executionId="d932dcc7-1832-4221-89e7-17a69eadb676" testListId="8c84fa94-04c1-424b-9868-57a2d4851a1d" />
    <TestEntry testId="1aa9e556-9365-84a0-bcbb-7ca2bae166ef" executionId="60209002-56ff-4295-a428-f36b6c901e72" testListId="8c84fa94-04c1-424b-9868-57a2d4851a1d" />
    <TestEntry testId="1b2d82d0-6c9f-8baf-9b6c-f83ad24db3a4" executionId="e6e16f82-f028-435a-ae83-b9f39ca0a8dd" testListId="8c84fa94-04c1-424b-9868-57a2d4851a1d" />
    <TestEntry testId="1320bc69-c12d-85a3-9b3e-d82de9acb009" executionId="8018b780-7ece-4e26-838a-b084be1c61f2" testListId="8c84fa94-04c1-424b-9868-57a2d4851a1d" />
    <TestEntry testId="18a499a9-619e-877c-970d-2ade88eaaca0" executionId="054a11cd-9fcc-4d16-b2b5-e1020a15c26a" testListId="8c84fa94-04c1-424b-9868-57a2d4851a1d" />
  </TestEntries>
  <TestLists>
    <TestList name="Results Not in a List" id="8c84fa94-04c1-424b-9868-57a2d4851a1d" />
    <TestList name="All Loaded Results" id="19431567-8539-422a-85d7-44ee4e166bda" />
  </TestLists>
  <ResultSummary outcome="Completed">
    <Counters total="74" executed="74" passed="74" failed="0" error="0" timeout="0" aborted="0" inconclusive="0" passedButRunAborted="0" notRunnable="0" notExecuted="0" disconnected="0" warning="0" completed="0" inProgress="0" pending="0" />
    <Output>
      <StdOut>Test Parallelization enabled for C:\Users\59065\Desktop\DriveNow WeB Development\DriveNow-TeamProject\DriveNow-TeamProject\VisualStudioTests\bin\Debug\net48\VisualStudioTests.dll (Workers: 14, Scope: MethodLevel)&#xD;
</StdOut>
    </Output>
  </ResultSummary>
</TestRun>